2017-07-28 17:50:32  INFO 6233.97969294
2017-07-28 17:50:32  INFO 上报错误(test )
2017-07-28 17:50:32  INFO {'msgtype': 'text', 'agentid': u'1000006', 'touser': '@all', 'text': {'content': 'dark:\xe4\xb8\x8a\xe6\x8a\xa5\xe9\x94\x99\xe8\xaf\xaf(test )'}}
2017-07-28 17:50:32  INFO 报警正常
2017-07-28 17:50:32  INFO 'test ' 数据更新成功'
2017-07-28 17:50:34  INFO 6235.95767999
2017-07-28 17:50:34  INFO 上报错误(test )
2017-07-28 17:50:34  INFO {'msgtype': 'text', 'agentid': u'1000006', 'touser': '@all', 'text': {'content': 'dark:\xe4\xb8\x8a\xe6\x8a\xa5\xe9\x94\x99\xe8\xaf\xaf(test )'}}
2017-07-28 17:50:34  INFO 报警正常
2017-07-28 17:50:34  INFO 'test ' 数据更新成功'
2017-07-28 17:50:35  INFO 6237.9381659
2017-07-28 17:50:35  INFO 上报错误(test )
2017-07-28 17:50:36  INFO {'msgtype': 'text', 'agentid': u'1000006', 'touser': '@all', 'text': {'content': 'dark:\xe4\xb8\x8a\xe6\x8a\xa5\xe9\x94\x99\xe8\xaf\xaf(test )'}}
2017-07-28 17:50:36  INFO 报警正常
2017-07-28 17:50:36  INFO 'test ' 数据更新成功'
2017-07-28 17:50:37  INFO 6239.90925598
2017-07-28 17:50:37  INFO 上报错误(test )
2017-07-28 17:50:37  INFO {'msgtype': 'text', 'agentid': u'1000006', 'touser': '@all', 'text': {'content': 'dark:\xe4\xb8\x8a\xe6\x8a\xa5\xe9\x94\x99\xe8\xaf\xaf(test )'}}
2017-07-28 17:50:38  INFO 报警正常
2017-07-28 17:50:38  INFO 'test ' 数据更新成功'
2017-07-28 17:50:39  INFO 6241.90931511
2017-07-28 17:50:39  INFO 上报错误(test )
2017-07-28 17:50:39  INFO {'msgtype': 'text', 'agentid': u'1000006', 'touser': '@all', 'text': {'content': 'dark:\xe4\xb8\x8a\xe6\x8a\xa5\xe9\x94\x99\xe8\xaf\xaf(test )'}}
2017-07-28 17:50:40  INFO 报警正常
2017-07-28 17:50:40  INFO 'test ' 数据更新成功'
2017-07-28 17:50:41  INFO 6243.9094851
2017-07-28 17:50:41  INFO 上报错误(test )
2017-07-28 17:50:41  INFO {'msgtype': 'text', 'agentid': u'1000006', 'touser': '@all', 'text': {'content': 'dark:\xe4\xb8\x8a\xe6\x8a\xa5\xe9\x94\x99\xe8\xaf\xaf(test )'}}
2017-07-28 17:50:42  INFO 报警正常
2017-07-28 17:50:42  INFO 'test ' 数据更新成功'
2017-07-28 17:50:44  INFO 6245.96277189
2017-07-28 17:50:44  INFO 上报错误(test )
2017-07-28 17:50:44  INFO {'msgtype': 'text', 'agentid': u'1000006', 'touser': '@all', 'text': {'content': 'dark:\xe4\xb8\x8a\xe6\x8a\xa5\xe9\x94\x99\xe8\xaf\xaf(test )'}}
2017-07-28 17:50:44  INFO 报警正常
2017-07-28 17:50:44  INFO 'test ' 数据更新成功'
2017-07-28 17:50:45  INFO 6247.92417002
2017-07-28 17:50:45  INFO 上报错误(test )
2017-07-28 17:50:45  INFO {'msgtype': 'text', 'agentid': u'1000006', 'touser': '@all', 'text': {'content': 'dark:\xe4\xb8\x8a\xe6\x8a\xa5\xe9\x94\x99\xe8\xaf\xaf(test )'}}
2017-07-28 17:50:46  INFO 报警正常
2017-07-28 17:50:46  INFO 'test ' 数据更新成功'
2017-07-28 17:50:47  INFO 6249.90894294
2017-07-28 17:50:47  INFO 上报错误(test )
2017-07-28 17:50:47  INFO {'msgtype': 'text', 'agentid': u'1000006', 'touser': '@all', 'text': {'content': 'dark:\xe4\xb8\x8a\xe6\x8a\xa5\xe9\x94\x99\xe8\xaf\xaf(test )'}}
2017-07-28 17:50:48  INFO 报警正常
2017-07-28 17:50:48  INFO 'test ' 数据更新成功'
2017-07-28 17:50:49  INFO 6251.90953994
2017-07-28 17:50:49  INFO 上报错误(test )
2017-07-28 17:50:49  INFO {'msgtype': 'text', 'agentid': u'1000006', 'touser': '@all', 'text': {'content': 'dark(\xe5\xbd\x93\xe5\x89\x8d\xe6\x97\xb6\xe9\x97\xb4\xe6\x9c\x80\xe5\x90\x8e\xe4\xb8\x80\xe6\xac\xa1\xe6\x8a\xa5\xe8\xad\xa6):\xe4\xb8\x8a\xe6\x8a\xa5\xe9\x94\x99\xe8\xaf\xaf(test )'}}
2017-07-28 17:50:50  INFO 报警正常
2017-07-28 17:50:50  INFO 'test ' 数据更新成功'
2017-07-28 17:50:51  INFO 6253.91049194
2017-07-28 17:50:51  INFO 上报错误(test )
2017-07-28 17:50:51  INFO 'test ':报警次数已达上限
2017-07-28 17:50:53  INFO 6255.90915489
2017-07-28 17:50:53  INFO 上报错误(test )
2017-07-28 17:50:53  INFO 'test ':报警次数已达上限
2017-07-28 17:50:55  INFO 6257.90938306
2017-07-28 17:50:55  INFO 上报错误(test )
2017-07-28 17:50:55  INFO 'test ':报警次数已达上限
2017-07-28 17:50:57  INFO 6259.90935802
2017-07-28 17:50:57  INFO 上报错误(test )
2017-07-28 17:50:57  INFO 'test ':报警次数已达上限
2017-07-28 17:50:59  INFO 6261.91016698
2017-07-28 17:50:59  INFO 上报错误(test )
2017-07-28 17:50:59  INFO 'test ':报警次数已达上限
2017-07-28 17:51:01  INFO 6263.90967989
2017-07-28 17:51:01  INFO 上报错误(test )
2017-07-28 17:51:01  INFO 'test ':报警次数已达上限
2017-07-28 17:51:03  INFO 6265.90962505
2017-07-28 17:51:03  INFO 上报错误(test )
2017-07-28 17:51:03  INFO 'test ':报警次数已达上限
2017-07-28 17:51:05  INFO 6267.90974593
2017-07-28 17:51:05  INFO 上报错误(test )
2017-07-28 17:51:05  INFO 'test ':报警次数已达上限
2017-07-28 17:51:07  INFO 6269.90927291
2017-07-28 17:51:07  INFO 上报错误(test )
2017-07-28 17:51:07  INFO 'test ':报警次数已达上限
2017-07-28 17:51:09  INFO 6271.909343
2017-07-28 17:51:09  INFO 上报错误(test )
2017-07-28 17:51:09  INFO 'test ':报警次数已达上限
2017-07-28 17:51:11  INFO 6273.9091289
2017-07-28 17:51:11  INFO 上报错误(test )
2017-07-28 17:51:11  INFO 'test ':报警次数已达上限
2017-07-28 17:51:13  INFO 6275.90913701
2017-07-28 17:51:13  INFO 上报错误(test )
2017-07-28 17:51:13  INFO 'test ':报警次数已达上限
2017-07-28 17:51:15  INFO 6277.90892696
2017-07-28 17:51:15  INFO 上报错误(test )
2017-07-28 17:51:15  INFO 'test ':报警次数已达上限
2017-07-28 17:51:17  INFO 6279.90957308
2017-07-28 17:51:17  INFO 上报错误(test )
2017-07-28 17:51:17  INFO 'test ':报警次数已达上限
2017-07-28 17:51:19  INFO 6281.91112208
2017-07-28 17:51:19  INFO 上报错误(test )
2017-07-28 17:51:19  INFO 'test ':报警次数已达上限
2017-07-28 17:51:21  INFO 6283.9089179
2017-07-28 17:51:21  INFO 上报错误(test )
2017-07-28 17:51:21  INFO 'test ':报警次数已达上限
2017-07-28 17:51:23  INFO 6285.90953588
2017-07-28 17:51:23  INFO 上报错误(test )
2017-07-28 17:51:23  INFO 'test ':报警次数已达上限
2017-07-28 17:51:25  INFO 6287.90971398
2017-07-28 17:51:25  INFO 上报错误(test )
2017-07-28 17:51:25  INFO 'test ':报警次数已达上限
2017-07-28 17:51:27  INFO 6289.91021204
2017-07-28 17:51:27  INFO 上报错误(test )
2017-07-28 17:51:27  INFO 'test ':报警次数已达上限
2017-07-28 17:51:29  INFO 6291.90908408
2017-07-28 17:51:29  INFO 上报错误(test )
2017-07-28 17:51:29  INFO 'test ':报警次数已达上限
2017-07-28 17:51:31  INFO 6293.91321611
2017-07-28 17:51:31  INFO 上报错误(test )
2017-07-28 17:51:31  INFO 'test ':报警次数已达上限
2017-07-28 17:51:33  INFO 6295.90961909
2017-07-28 17:51:33  INFO 上报错误(test )
2017-07-28 17:51:33  INFO 'test ':报警次数已达上限
2017-07-28 17:51:35  INFO 6297.90960598
2017-07-28 17:51:35  INFO 上报错误(test )
2017-07-28 17:51:35  INFO 'test ':报警次数已达上限
2017-07-28 17:51:37  INFO 6299.9090941
2017-07-28 17:51:37  INFO 上报错误(test )
2017-07-28 17:51:37  INFO 'test ':报警次数已达上限
2017-07-28 17:51:39  INFO 6301.90976906
2017-07-28 17:51:39  INFO 上报错误(test )
2017-07-28 17:51:39  INFO 'test ':报警次数已达上限
2017-07-28 17:51:41  INFO 6303.91260099
2017-07-28 17:51:41  INFO 上报错误(test )
2017-07-28 17:51:41  INFO 'test ':报警次数已达上限
2017-07-28 17:51:43  INFO 6305.91080594
2017-07-28 17:51:43  INFO 上报错误(test )
2017-07-28 17:51:43  INFO 'test ':报警次数已达上限
2017-07-28 17:51:45  INFO 6307.90985489
2017-07-28 17:51:45  INFO 上报错误(test )
2017-07-28 17:51:45  INFO 'test ':报警次数已达上限
2017-07-28 17:51:47  INFO 6309.90936804
2017-07-28 17:51:47  INFO 上报错误(test )
2017-07-28 17:51:47  INFO 'test ':报警次数已达上限
2017-07-28 17:51:49  INFO 6311.9097271
2017-07-28 17:51:49  INFO 上报错误(test )
2017-07-28 17:51:49  INFO 'test ':报警次数已达上限
2017-07-28 17:51:51  INFO 6313.90975809
2017-07-28 17:51:51  INFO 上报错误(test )
2017-07-28 17:51:51  INFO 'test ':报警次数已达上限
2017-07-28 17:51:53  INFO 6315.90970802
2017-07-28 17:51:53  INFO 上报错误(test )
2017-07-28 17:51:53  INFO 'test ':报警次数已达上限
2017-07-28 17:51:55  INFO 6317.90991902
2017-07-28 17:51:55  INFO 上报错误(test )
2017-07-28 17:51:55  INFO 'test ':报警次数已达上限
2017-07-28 17:51:57  INFO 6319.90939403
2017-07-28 17:51:57  INFO 上报错误(test )
2017-07-28 17:51:57  INFO 'test ':报警次数已达上限
2017-07-28 17:51:59  INFO 6321.90961289
2017-07-28 17:51:59  INFO 上报错误(test )
2017-07-28 17:51:59  INFO 'test ':报警次数已达上限
2017-07-28 17:52:01  INFO 6323.90987897
2017-07-28 17:52:01  INFO 上报错误(test )
2017-07-28 17:52:01  INFO 'test ':报警次数已达上限
2017-07-28 17:52:03  INFO 6325.90927601
2017-07-28 17:52:03  INFO 上报错误(test )
2017-07-28 17:52:03  INFO 'test ':报警次数已达上限
2017-07-28 17:52:05  INFO 6327.90959406
2017-07-28 17:52:05  INFO 上报错误(test )
2017-07-28 17:52:05  INFO 'test ':报警次数已达上限
2017-07-28 17:52:07  INFO 6329.90908504
2017-07-28 17:52:07  INFO 上报错误(test )
2017-07-28 17:52:07  INFO 'test ':报警次数已达上限
2017-07-28 17:52:09  INFO 6331.90902805
2017-07-28 17:52:09  INFO 上报错误(test )
2017-07-28 17:52:09  INFO 'test ':报警次数已达上限
2017-07-28 17:52:11  INFO 6333.91010809
2017-07-28 17:52:11  INFO 上报错误(test )
2017-07-28 17:52:11  INFO 'test ':报警次数已达上限
2017-07-28 17:52:13  INFO 6335.90921211
2017-07-28 17:52:13  INFO 上报错误(test )
2017-07-28 17:52:13  INFO 'test ':报警次数已达上限
2017-07-28 17:52:15  INFO 6337.90904999
2017-07-28 17:52:15  INFO 上报错误(test )
2017-07-28 17:52:15  INFO 'test ':报警次数已达上限
2017-07-28 17:52:17  INFO 6339.90884495
2017-07-28 17:52:17  INFO 上报错误(test )
2017-07-28 17:52:17  INFO 'test ':报警次数已达上限
2017-07-28 17:52:19  INFO 6341.90866709
2017-07-28 17:52:19  INFO 上报错误(test )
2017-07-28 17:52:19  INFO 'test ':报警次数已达上限
2017-07-28 17:52:21  INFO 6343.90922308
2017-07-28 17:52:21  INFO 上报错误(test )
2017-07-28 17:52:21  INFO 'test ':报警次数已达上限
2017-07-28 17:52:23  INFO 6345.90924096
2017-07-28 17:52:23  INFO 上报错误(test )
2017-07-28 17:52:23  INFO 'test ':报警次数已达上限
2017-07-28 17:52:25  INFO 6347.90942788
2017-07-28 17:52:25  INFO 上报错误(test )
2017-07-28 17:52:25  INFO 'test ':报警次数已达上限
2017-07-28 17:52:27  INFO 6349.90949988
2017-07-28 17:52:27  INFO 上报错误(test )
2017-07-28 17:52:27  INFO 'test ':报警次数已达上限
2017-07-28 17:52:29  INFO 6351.9087019
2017-07-28 17:52:29  INFO 上报错误(test )
2017-07-28 17:52:29  INFO 'test ':报警次数已达上限
2017-07-28 17:52:31  INFO 6353.90931296
2017-07-28 17:52:31  INFO 上报错误(test )
2017-07-28 17:52:31  INFO 'test ':报警次数已达上限
2017-07-28 17:52:33  INFO 6355.90984607
2017-07-28 17:52:33  INFO 上报错误(test )
2017-07-28 17:52:33  INFO 'test ':报警次数已达上限
2017-07-28 17:52:35  INFO -167.086674929
2017-07-28 17:52:35  INFO node is ok
2017-07-28 17:52:35  INFO {'msgtype': 'text', 'agentid': u'1000006', 'touser': '@all', 'text': {'content': 'dark(\xe6\x81\xa2\xe5\xa4\x8d\xe9\x80\x9a\xe7\x9f\xa5):test \xe5\xb7\xb2\xe4\xbb\x8e\xe5\xbc\x82\xe5\xb8\xb8\xe4\xb8\xad\xe6\x81\xa2\xe5\xa4\x8d,\xe5\xbc\x82\xe5\xb8\xb8\xe6\x8c\x81\xe7\xbb\xad\xe6\x97\xb6\xe9\x97\xb4:0\xe5\xb0\x8f\xe6\x97\xb62\xe5\x88\x860\xe7\xa7\x92'}}
2017-07-28 17:52:36  INFO 报警正常
2017-07-28 17:52:36  INFO 'test ' 数据更新成功'
2017-07-28 17:52:37  INFO -165.09059906
2017-07-28 17:52:37  INFO node is ok
2017-07-28 17:52:37  INFO test :状态未发生异常
2017-07-28 17:52:39  INFO -163.090215921
2017-07-28 17:52:39  INFO node is ok
2017-07-28 17:52:39  INFO test :状态未发生异常
2017-07-28 17:52:41  INFO -161.091097116
2017-07-28 17:52:41  INFO node is ok
2017-07-28 17:52:41  INFO test :状态未发生异常
2017-07-28 17:52:43  INFO -159.090322971
2017-07-28 17:52:43  INFO node is ok
2017-07-28 17:52:43  INFO test :状态未发生异常
2017-07-28 17:52:45  INFO -157.090560913
2017-07-28 17:52:45  INFO node is ok
2017-07-28 17:52:45  INFO test :状态未发生异常
2017-07-28 17:52:47  INFO -155.091125011
2017-07-28 17:52:47  INFO node is ok
2017-07-28 17:52:47  INFO test :状态未发生异常
2017-07-28 17:52:49  INFO -153.090866089
2017-07-28 17:52:49  INFO node is ok
2017-07-28 17:52:49  INFO test :状态未发生异常
2017-07-28 17:52:51  INFO -151.090609074
2017-07-28 17:52:51  INFO node is ok
2017-07-28 17:52:51  INFO test :状态未发生异常
2017-07-28 17:52:53  INFO -149.090961933
2017-07-28 17:52:53  INFO node is ok
2017-07-28 17:52:53  INFO test :状态未发生异常
2017-07-28 17:52:55  INFO -147.090656042
2017-07-28 17:52:55  INFO node is ok
2017-07-28 17:52:55  INFO test :状态未发生异常
2017-07-28 17:52:57  INFO -145.091134071
2017-07-28 17:52:57  INFO node is ok
2017-07-28 17:52:57  INFO test :状态未发生异常
2017-07-28 17:52:59  INFO -143.090317011
2017-07-28 17:52:59  INFO node is ok
2017-07-28 17:52:59  INFO test :状态未发生异常
2017-07-28 17:53:01  INFO -141.090718985
2017-07-28 17:53:01  INFO node is ok
2017-07-28 17:53:01  INFO test :状态未发生异常
2017-07-28 17:53:03  INFO -139.090856075
2017-07-28 17:53:03  INFO node is ok
2017-07-28 17:53:03  INFO test :状态未发生异常
2017-07-28 17:53:05  INFO -137.090423107
2017-07-28 17:53:05  INFO node is ok
2017-07-28 17:53:05  INFO test :状态未发生异常
2017-07-28 17:53:07  INFO -135.090909958
2017-07-28 17:53:07  INFO node is ok
2017-07-28 17:53:07  INFO test :状态未发生异常
2017-07-28 17:53:09  INFO -133.091408014
2017-07-28 17:53:09  INFO node is ok
2017-07-28 17:53:09  INFO test :状态未发生异常
2017-07-28 17:53:11  INFO -131.085268974
2017-07-28 17:53:11  INFO node is ok
2017-07-28 17:53:11  INFO test :状态未发生异常
2017-07-28 17:53:13  INFO -129.090439081
2017-07-28 17:53:13  INFO node is ok
2017-07-28 17:53:13  INFO test :状态未发生异常
2017-07-28 18:52:14  INFO 3411.2953651
2017-07-28 18:52:14  INFO 上报错误(test )
2017-07-28 18:52:14  INFO {'msgtype': 'text', 'agentid': u'1000006', 'touser': '@all', 'text': {'content': 'dark:\xe4\xb8\x8a\xe6\x8a\xa5\xe9\x94\x99\xe8\xaf\xaf(test )'}}
2017-07-28 18:52:14  INFO 报警正常
2017-07-28 18:52:14  INFO 'test ' 数据更新成功'
2017-07-28 18:52:16  INFO 3413.29315305
2017-07-28 18:52:16  INFO 上报错误(test )
2017-07-28 18:52:16  INFO {'msgtype': 'text', 'agentid': u'1000006', 'touser': '@all', 'text': {'content': 'dark:\xe4\xb8\x8a\xe6\x8a\xa5\xe9\x94\x99\xe8\xaf\xaf(test )'}}
2017-07-28 18:52:16  INFO 报警正常
2017-07-28 18:52:16  INFO 'test ' 数据更新成功'
2017-07-28 18:52:18  INFO 3415.29241204
2017-07-28 18:52:18  INFO 上报错误(test )
2017-07-28 18:52:18  INFO {'msgtype': 'text', 'agentid': u'1000006', 'touser': '@all', 'text': {'content': 'dark:\xe4\xb8\x8a\xe6\x8a\xa5\xe9\x94\x99\xe8\xaf\xaf(test )'}}
2017-07-28 18:52:18  INFO 报警正常
2017-07-28 18:52:18  INFO 'test ' 数据更新成功'
2017-07-28 18:52:20  INFO 3417.29348207
2017-07-28 18:52:20  INFO 上报错误(test )
2017-07-28 18:52:20  INFO {'msgtype': 'text', 'agentid': u'1000006', 'touser': '@all', 'text': {'content': 'dark:\xe4\xb8\x8a\xe6\x8a\xa5\xe9\x94\x99\xe8\xaf\xaf(test )'}}
2017-07-28 18:52:20  INFO 报警正常
2017-07-28 18:52:20  INFO 'test ' 数据更新成功'
2017-07-28 18:52:22  INFO 3419.29320097
2017-07-28 18:52:22  INFO 上报错误(test )
2017-07-28 18:52:22  INFO {'msgtype': 'text', 'agentid': u'1000006', 'touser': '@all', 'text': {'content': 'dark:\xe4\xb8\x8a\xe6\x8a\xa5\xe9\x94\x99\xe8\xaf\xaf(test )'}}
2017-07-28 18:52:22  INFO 报警正常
2017-07-28 18:52:22  INFO 'test ' 数据更新成功'
2017-07-28 18:52:24  INFO 3421.29229093
2017-07-28 18:52:24  INFO 上报错误(test )
2017-07-28 18:52:24  INFO {'msgtype': 'text', 'agentid': u'1000006', 'touser': '@all', 'text': {'content': 'dark:\xe4\xb8\x8a\xe6\x8a\xa5\xe9\x94\x99\xe8\xaf\xaf(test )'}}
2017-07-28 18:52:24  INFO 报警正常
2017-07-28 18:52:24  INFO 'test ' 数据更新成功'
2017-07-28 18:52:26  INFO 3423.29244208
2017-07-28 18:52:26  INFO 上报错误(test )
2017-07-28 18:52:26  INFO {'msgtype': 'text', 'agentid': u'1000006', 'touser': '@all', 'text': {'content': 'dark:\xe4\xb8\x8a\xe6\x8a\xa5\xe9\x94\x99\xe8\xaf\xaf(test )'}}
2017-07-28 18:52:26  INFO 报警正常
2017-07-28 18:52:26  INFO 'test ' 数据更新成功'
2017-07-28 18:52:28  INFO 3425.29230404
2017-07-28 18:52:28  INFO 上报错误(test )
2017-07-28 18:52:28  INFO {'msgtype': 'text', 'agentid': u'1000006', 'touser': '@all', 'text': {'content': 'dark:\xe4\xb8\x8a\xe6\x8a\xa5\xe9\x94\x99\xe8\xaf\xaf(test )'}}
2017-07-28 18:52:28  INFO 报警正常
2017-07-28 18:52:28  INFO 'test ' 数据更新成功'
2017-07-28 18:52:30  INFO 3427.29277802
2017-07-28 18:52:30  INFO 上报错误(test )
2017-07-28 18:52:30  INFO {'msgtype': 'text', 'agentid': u'1000006', 'touser': '@all', 'text': {'content': 'dark:\xe4\xb8\x8a\xe6\x8a\xa5\xe9\x94\x99\xe8\xaf\xaf(test )'}}
2017-07-28 18:52:30  INFO 报警正常
2017-07-28 18:52:30  INFO 'test ' 数据更新成功'
2017-07-28 18:52:32  INFO 3429.2939651
2017-07-28 18:52:32  INFO 上报错误(test )
2017-07-28 18:52:32  INFO {'msgtype': 'text', 'agentid': u'1000006', 'touser': '@all', 'text': {'content': 'dark(\xe5\xbd\x93\xe5\x89\x8d\xe6\x97\xb6\xe9\x97\xb4\xe6\x9c\x80\xe5\x90\x8e\xe4\xb8\x80\xe6\xac\xa1\xe6\x8a\xa5\xe8\xad\xa6):\xe4\xb8\x8a\xe6\x8a\xa5\xe9\x94\x99\xe8\xaf\xaf(test )'}}
2017-07-28 18:52:32  INFO 报警正常
2017-07-28 18:52:32  INFO 'test ' 数据更新成功'
2017-07-28 18:52:34  INFO 3431.29241395
2017-07-28 18:52:34  INFO 上报错误(test )
2017-07-28 18:52:34  INFO 'test ':报警次数已达上限
2017-07-28 18:52:36  INFO 3433.29291892
2017-07-28 18:52:36  INFO 上报错误(test )
2017-07-28 18:52:36  INFO 'test ':报警次数已达上限
2017-07-28 18:52:38  INFO 3435.29285502
2017-07-28 18:52:38  INFO 上报错误(test )
2017-07-28 18:52:38  INFO 'test ':报警次数已达上限
2017-07-28 18:52:40  INFO 3437.29257894
2017-07-28 18:52:40  INFO 上报错误(test )
2017-07-28 18:52:40  INFO 'test ':报警次数已达上限
2017-07-28 18:52:42  INFO 3439.29200101
2017-07-28 18:52:42  INFO 上报错误(test )
2017-07-28 18:52:42  INFO 'test ':报警次数已达上限
2017-07-28 18:52:44  INFO 3441.29203796
2017-07-28 18:52:44  INFO 上报错误(test )
2017-07-28 18:52:44  INFO 'test ':报警次数已达上限
2017-07-28 18:52:46  INFO 3443.29224992
2017-07-28 18:52:46  INFO 上报错误(test )
2017-07-28 18:52:46  INFO 'test ':报警次数已达上限
2017-07-28 18:52:48  INFO 3445.29264593
2017-07-28 18:52:48  INFO 上报错误(test )
2017-07-28 18:52:48  INFO 'test ':报警次数已达上限
2017-07-28 18:52:50  INFO 3447.29370594
2017-07-28 18:52:50  INFO 上报错误(test )
2017-07-28 18:52:50  INFO 'test ':报警次数已达上限
2017-07-28 18:52:52  INFO 3449.29336095
2017-07-28 18:52:52  INFO 上报错误(test )
2017-07-28 18:52:52  INFO 'test ':报警次数已达上限
2017-07-28 18:52:54  INFO 3451.29626393
2017-07-28 18:52:54  INFO 上报错误(test )
2017-07-28 18:52:54  INFO 'test ':报警次数已达上限
2017-07-28 18:52:56  INFO 3453.29267907
2017-07-28 18:52:56  INFO 上报错误(test )
2017-07-28 18:52:56  INFO 'test ':报警次数已达上限
2017-07-28 18:52:58  INFO 3455.29435492
2017-07-28 18:52:58  INFO 上报错误(test )
2017-07-28 18:52:58  INFO 'test ':报警次数已达上限
2017-07-28 18:53:00  INFO 3457.29321504
2017-07-28 18:53:00  INFO 上报错误(test )
2017-07-28 18:53:00  INFO 'test ':报警次数已达上限
2017-07-28 18:53:02  INFO 3459.29230189
2017-07-28 18:53:02  INFO 上报错误(test )
2017-07-28 18:53:02  INFO 'test ':报警次数已达上限
2017-07-28 18:53:04  INFO 3461.29236102
2017-07-28 18:53:04  INFO 上报错误(test )
2017-07-28 18:53:04  INFO 'test ':报警次数已达上限
2017-07-28 18:53:06  INFO 3463.2923069
2017-07-28 18:53:06  INFO 上报错误(test )
2017-07-28 18:53:06  INFO 'test ':报警次数已达上限
2017-07-28 18:53:08  INFO 3465.29196906
2017-07-28 18:53:08  INFO 上报错误(test )
2017-07-28 18:53:08  INFO 'test ':报警次数已达上限
2017-07-28 18:53:10  INFO 3467.29265594
2017-07-28 18:53:10  INFO 上报错误(test )
2017-07-28 18:53:10  INFO 'test ':报警次数已达上限
2017-07-28 18:53:12  INFO 3469.29339409
2017-07-28 18:53:12  INFO 上报错误(test )
2017-07-28 18:53:12  INFO 'test ':报警次数已达上限
2017-07-28 18:53:14  INFO 3471.29284501
2017-07-28 18:53:14  INFO 上报错误(test )
2017-07-28 18:53:14  INFO 'test ':报警次数已达上限
2017-07-28 18:53:16  INFO 3473.29218197
2017-07-28 18:53:16  INFO 上报错误(test )
2017-07-28 18:53:16  INFO 'test ':报警次数已达上限
2017-07-28 18:53:18  INFO 3475.2923851
2017-07-28 18:53:18  INFO 上报错误(test )
2017-07-28 18:53:18  INFO 'test ':报警次数已达上限
2017-07-28 18:53:20  INFO 3477.29206395
2017-07-28 18:53:20  INFO 上报错误(test )
2017-07-28 18:53:20  INFO 'test ':报警次数已达上限
2017-07-28 18:53:22  INFO 3479.29202199
2017-07-28 18:53:22  INFO 上报错误(test )
2017-07-28 18:53:22  INFO 'test ':报警次数已达上限
2017-07-28 18:53:24  INFO 3481.29789495
2017-07-28 18:53:24  INFO 上报错误(test )
2017-07-28 18:53:24  INFO 'test ':报警次数已达上限
2017-07-28 18:53:26  INFO 3483.29260397
2017-07-28 18:53:26  INFO 上报错误(test )
2017-07-28 18:53:26  INFO 'test ':报警次数已达上限
2017-07-28 18:53:28  INFO 3485.29448104
2017-07-28 18:53:28  INFO 上报错误(test )
2017-07-28 18:53:28  INFO 'test ':报警次数已达上限
2017-07-28 18:53:30  INFO 3487.29878902
2017-07-28 18:53:30  INFO 上报错误(test )
2017-07-28 18:53:30  INFO 'test ':报警次数已达上限
2017-07-28 18:53:32  INFO 3489.29307389
2017-07-28 18:53:32  INFO 上报错误(test )
2017-07-28 18:53:32  INFO 'test ':报警次数已达上限
2017-07-28 18:53:34  INFO 3491.29392099
2017-07-28 18:53:34  INFO 上报错误(test )
2017-07-28 18:53:34  INFO 'test ':报警次数已达上限
2017-07-28 18:53:36  INFO 3493.29374003
2017-07-28 18:53:36  INFO 上报错误(test )
2017-07-28 18:53:36  INFO 'test ':报警次数已达上限
2017-07-28 18:53:38  INFO 3495.29232502
2017-07-28 18:53:38  INFO 上报错误(test )
2017-07-28 18:53:38  INFO 'test ':报警次数已达上限
2017-07-28 18:53:40  INFO 3497.29270005
2017-07-28 18:53:40  INFO 上报错误(test )
2017-07-28 18:53:40  INFO 'test ':报警次数已达上限
2017-07-28 18:53:42  INFO 3499.29218292
2017-07-28 18:53:42  INFO 上报错误(test )
2017-07-28 18:53:42  INFO 'test ':报警次数已达上限
2017-07-28 18:53:44  INFO 3501.29219294
2017-07-28 18:53:44  INFO 上报错误(test )
2017-07-28 18:53:44  INFO 'test ':报警次数已达上限
2017-07-28 18:53:46  INFO 3503.29218698
2017-07-28 18:53:46  INFO 上报错误(test )
2017-07-28 18:53:46  INFO 'test ':报警次数已达上限
2017-07-28 18:53:48  INFO 3505.29217291
2017-07-28 18:53:48  INFO 上报错误(test )
2017-07-28 18:53:48  INFO 'test ':报警次数已达上限
2017-07-28 18:53:50  INFO 3507.29229689
2017-07-28 18:53:50  INFO 上报错误(test )
2017-07-28 18:53:50  INFO 'test ':报警次数已达上限
2017-07-28 18:53:52  INFO 3509.2937181
2017-07-28 18:53:52  INFO 上报错误(test )
2017-07-28 18:53:52  INFO 'test ':报警次数已达上限
2017-07-28 18:53:54  INFO 3511.29218006
2017-07-28 18:53:54  INFO 上报错误(test )
2017-07-28 18:53:54  INFO 'test ':报警次数已达上限
2017-07-28 18:53:56  INFO 3513.29362512
2017-07-28 18:53:56  INFO 上报错误(test )
2017-07-28 18:53:56  INFO 'test ':报警次数已达上限
2017-07-28 18:53:58  INFO 3515.29238296
2017-07-28 18:53:58  INFO 上报错误(test )
2017-07-28 18:53:58  INFO 'test ':报警次数已达上限
2017-07-28 18:54:00  INFO 3517.29252005
2017-07-28 18:54:00  INFO 上报错误(test )
2017-07-28 18:54:00  INFO 'test ':报警次数已达上限
2017-07-28 18:54:02  INFO 3519.29274297
2017-07-28 18:54:02  INFO 上报错误(test )
2017-07-28 18:54:02  INFO 'test ':报警次数已达上限
2017-07-28 18:54:04  INFO 3521.2925179
2017-07-28 18:54:04  INFO 上报错误(test )
2017-07-28 18:54:04  INFO 'test ':报警次数已达上限
2017-07-28 18:54:06  INFO 3523.29208398
2017-07-28 18:54:06  INFO 上报错误(test )
2017-07-28 18:54:06  INFO 'test ':报警次数已达上限
2017-07-28 18:54:08  INFO 3525.29259896
2017-07-28 18:54:08  INFO 上报错误(test )
2017-07-28 18:54:08  INFO 'test ':报警次数已达上限
2017-07-28 18:54:10  INFO 3527.29289889
2017-07-28 18:54:10  INFO 上报错误(test )
2017-07-28 18:54:10  INFO 'test ':报警次数已达上限
2017-07-28 18:54:12  INFO 3529.29226899
2017-07-28 18:54:12  INFO 上报错误(test )
2017-07-28 18:54:12  INFO 'test ':报警次数已达上限
2017-07-28 18:54:14  INFO 3531.2931211
2017-07-28 18:54:14  INFO 上报错误(test )
2017-07-28 18:54:14  INFO 'test ':报警次数已达上限
2017-07-28 18:54:16  INFO 3533.29203701
2017-07-28 18:54:16  INFO 上报错误(test )
2017-07-28 18:54:16  INFO 'test ':报警次数已达上限
2017-07-28 18:54:18  INFO 3535.29207397
2017-07-28 18:54:18  INFO 上报错误(test )
2017-07-28 18:54:18  INFO 'test ':报警次数已达上限
2017-07-28 18:54:20  INFO 3537.29293394
2017-07-28 18:54:20  INFO 上报错误(test )
2017-07-28 18:54:20  INFO 'test ':报警次数已达上限
2017-07-28 18:54:22  INFO 3539.29197001
2017-07-28 18:54:22  INFO 上报错误(test )
2017-07-28 18:54:22  INFO 'test ':报警次数已达上限
2017-07-28 18:54:24  INFO 3541.29323411
2017-07-28 18:54:24  INFO 上报错误(test )
2017-07-28 18:54:24  INFO 'test ':报警次数已达上限
2017-07-28 18:54:26  INFO 3543.2939651
2017-07-28 18:54:26  INFO 上报错误(test )
2017-07-28 18:54:26  INFO 'test ':报警次数已达上限
2017-07-28 18:54:28  INFO 3545.29255104
2017-07-28 18:54:28  INFO 上报错误(test )
2017-07-28 18:54:28  INFO 'test ':报警次数已达上限
2017-07-28 18:54:30  INFO 3547.29255295
2017-07-28 18:54:30  INFO 上报错误(test )
2017-07-28 18:54:30  INFO 'test ':报警次数已达上限
2017-07-28 18:54:32  INFO 3549.29359293
2017-07-28 18:54:32  INFO 上报错误(test )
2017-07-28 18:54:32  INFO 'test ':报警次数已达上限
2017-07-28 18:54:34  INFO 3551.29266691
2017-07-28 18:54:34  INFO 上报错误(test )
2017-07-28 18:54:34  INFO 'test ':报警次数已达上限
2017-07-28 18:54:36  INFO 3553.2928741
2017-07-28 18:54:36  INFO 上报错误(test )
2017-07-28 18:54:36  INFO 'test ':报警次数已达上限
2017-07-28 18:54:38  INFO 3555.29290009
2017-07-28 18:54:38  INFO 上报错误(test )
2017-07-28 18:54:38  INFO 'test ':报警次数已达上限
2017-07-28 18:54:40  INFO 3557.29302001
2017-07-28 18:54:40  INFO 上报错误(test )
2017-07-28 18:54:40  INFO 'test ':报警次数已达上限
2017-07-28 18:54:42  INFO 3559.29277611
2017-07-28 18:54:42  INFO 上报错误(test )
2017-07-28 18:54:42  INFO 'test ':报警次数已达上限
2017-07-28 18:54:44  INFO 3561.2939229
2017-07-28 18:54:44  INFO 上报错误(test )
2017-07-28 18:54:44  INFO 'test ':报警次数已达上限
2017-07-28 18:54:46  INFO 3563.29389191
2017-07-28 18:54:46  INFO 上报错误(test )
2017-07-28 18:54:46  INFO 'test ':报警次数已达上限
2017-07-28 18:54:48  INFO 3565.29377198
2017-07-28 18:54:48  INFO 上报错误(test )
2017-07-28 18:54:48  INFO 'test ':报警次数已达上限
2017-07-28 18:54:50  INFO 3567.29270101
2017-07-28 18:54:50  INFO 上报错误(test )
2017-07-28 18:54:50  INFO 'test ':报警次数已达上限
2017-07-28 18:54:52  INFO 3569.29393101
2017-07-28 18:54:52  INFO 上报错误(test )
2017-07-28 18:54:52  INFO 'test ':报警次数已达上限
2017-07-28 18:54:54  INFO 3571.29624796
2017-07-28 18:54:54  INFO 上报错误(test )
2017-07-28 18:54:54  INFO 'test ':报警次数已达上限
2017-07-28 18:54:56  INFO 3573.29302192
2017-07-28 18:54:56  INFO 上报错误(test )
2017-07-28 18:54:56  INFO 'test ':报警次数已达上限
2017-07-28 18:54:58  INFO 3575.292454
2017-07-28 18:54:58  INFO 上报错误(test )
2017-07-28 18:54:58  INFO 'test ':报警次数已达上限
2017-07-28 18:55:00  INFO 3577.29294491
2017-07-28 18:55:00  INFO 上报错误(test )
2017-07-28 18:55:00  INFO 'test ':报警次数已达上限
2017-07-28 18:55:02  INFO 3579.29310107
2017-07-28 18:55:02  INFO 上报错误(test )
2017-07-28 18:55:02  INFO 'test ':报警次数已达上限
2017-07-28 18:55:04  INFO 3581.29227304
2017-07-28 18:55:04  INFO 上报错误(test )
2017-07-28 18:55:04  INFO 'test ':报警次数已达上限
2017-07-28 18:55:06  INFO 3583.29238391
2017-07-28 18:55:06  INFO 上报错误(test )
2017-07-28 18:55:06  INFO 'test ':报警次数已达上限
2017-07-28 18:55:08  INFO 3585.29237103
2017-07-28 18:55:08  INFO 上报错误(test )
2017-07-28 18:55:08  INFO 'test ':报警次数已达上限
2017-07-28 18:55:10  INFO 3587.29239988
2017-07-28 18:55:10  INFO 上报错误(test )
2017-07-28 18:55:10  INFO 'test ':报警次数已达上限
2017-07-28 18:55:12  INFO 3589.29226494
2017-07-28 18:55:12  INFO 上报错误(test )
2017-07-28 18:55:12  INFO 'test ':报警次数已达上限
2017-07-28 18:55:14  INFO 3591.293993
2017-07-28 18:55:14  INFO 上报错误(test )
2017-07-28 18:55:14  INFO 'test ':报警次数已达上限
2017-07-28 18:55:16  INFO 3593.29220796
2017-07-28 18:55:16  INFO 上报错误(test )
2017-07-28 18:55:16  INFO 'test ':报警次数已达上限
2017-07-28 18:55:18  INFO 3595.29215693
2017-07-28 18:55:18  INFO 上报错误(test )
2017-07-28 18:55:18  INFO 'test ':报警次数已达上限
2017-07-28 18:55:20  INFO 3597.29275203
2017-07-28 18:55:20  INFO 上报错误(test )
2017-07-28 18:55:20  INFO 'test ':报警次数已达上限
2017-07-28 18:55:22  INFO 3599.29224491
2017-07-28 18:55:22  INFO 上报错误(test )
2017-07-28 18:55:22  INFO 'test ':报警次数已达上限
2017-07-28 18:55:24  INFO 3601.29403305
2017-07-28 18:55:24  INFO 上报错误(test )
2017-07-28 18:55:24  INFO 'test ':报警次数已达上限
2017-07-28 18:55:26  INFO 3603.29243803
2017-07-28 18:55:26  INFO 上报错误(test )
2017-07-28 18:55:26  INFO 'test ':报警次数已达上限
2017-07-28 18:55:28  INFO 3605.29222798
2017-07-28 18:55:28  INFO 上报错误(test )
2017-07-28 18:55:28  INFO 'test ':报警次数已达上限
2017-07-28 18:55:30  INFO 3607.29563999
2017-07-28 18:55:30  INFO 上报错误(test )
2017-07-28 18:55:30  INFO 'test ':报警次数已达上限
2017-07-28 18:55:32  INFO 3609.29224706
2017-07-28 18:55:32  INFO 上报错误(test )
2017-07-28 18:55:32  INFO 'test ':报警次数已达上限
2017-07-28 18:55:34  INFO 3611.30645204
2017-07-28 18:55:34  INFO 上报错误(test )
2017-07-28 18:55:34  INFO 'test ':报警次数已达上限
2017-07-28 18:55:36  INFO 3613.29672003
2017-07-28 18:55:36  INFO 上报错误(test )
2017-07-28 18:55:36  INFO 'test ':报警次数已达上限
2017-07-28 18:55:38  INFO 3615.29212093
2017-07-28 18:55:38  INFO 上报错误(test )
2017-07-28 18:55:38  INFO 'test ':报警次数已达上限
2017-07-28 18:55:40  INFO 3617.29275393
2017-07-28 18:55:40  INFO 上报错误(test )
2017-07-28 18:55:40  INFO 'test ':报警次数已达上限
2017-07-28 18:55:42  INFO 3619.29289699
2017-07-28 18:55:42  INFO 上报错误(test )
2017-07-28 18:55:42  INFO 'test ':报警次数已达上限
2017-07-28 18:55:44  INFO 3621.29355693
2017-07-28 18:55:44  INFO 上报错误(test )
2017-07-28 18:55:44  INFO 'test ':报警次数已达上限
2017-07-28 18:55:46  INFO 3623.29358602
2017-07-28 18:55:46  INFO 上报错误(test )
2017-07-28 18:55:46  INFO 'test ':报警次数已达上限
2017-07-28 18:55:48  INFO 3625.29226494
2017-07-28 18:55:48  INFO 上报错误(test )
2017-07-28 18:55:48  INFO 'test ':报警次数已达上限
2017-07-28 18:55:50  INFO 3627.29275298
2017-07-28 18:55:50  INFO 上报错误(test )
2017-07-28 18:55:50  INFO 'test ':报警次数已达上限
2017-07-28 18:55:52  INFO 3629.29666996
2017-07-28 18:55:52  INFO 上报错误(test )
2017-07-28 18:55:52  INFO 'test ':报警次数已达上限
2017-07-28 18:55:54  INFO 3631.29349709
2017-07-28 18:55:54  INFO 上报错误(test )
2017-07-28 18:55:54  INFO 'test ':报警次数已达上限
2017-07-28 18:55:56  INFO 3633.29443192
2017-07-28 18:55:56  INFO 上报错误(test )
2017-07-28 18:55:56  INFO 'test ':报警次数已达上限
2017-07-28 18:55:58  INFO 3635.29350209
2017-07-28 18:55:58  INFO 上报错误(test )
2017-07-28 18:55:58  INFO 'test ':报警次数已达上限
2017-07-28 18:56:00  INFO 3637.292799
2017-07-28 18:56:00  INFO 上报错误(test )
2017-07-28 18:56:00  INFO 'test ':报警次数已达上限
2017-07-28 18:56:02  INFO 3639.29233694
2017-07-28 18:56:02  INFO 上报错误(test )
2017-07-28 18:56:02  INFO 'test ':报警次数已达上限
2017-07-28 18:56:04  INFO 3641.292377
2017-07-28 18:56:04  INFO 上报错误(test )
2017-07-28 18:56:04  INFO 'test ':报警次数已达上限
2017-07-28 18:56:06  INFO 3643.29190707
2017-07-28 18:56:06  INFO 上报错误(test )
2017-07-28 18:56:06  INFO 'test ':报警次数已达上限
2017-07-28 18:56:08  INFO 3645.29197407
2017-07-28 18:56:08  INFO 上报错误(test )
2017-07-28 18:56:08  INFO 'test ':报警次数已达上限
2017-07-28 18:56:10  INFO 3647.29342794
2017-07-28 18:56:10  INFO 上报错误(test )
2017-07-28 18:56:10  INFO 'test ':报警次数已达上限
2017-07-28 18:56:12  INFO 3649.29299808
2017-07-28 18:56:12  INFO 上报错误(test )
2017-07-28 18:56:12  INFO 'test ':报警次数已达上限
2017-07-28 18:56:14  INFO 3651.29368901
2017-07-28 18:56:14  INFO 上报错误(test )
2017-07-28 18:56:14  INFO 'test ':报警次数已达上限
2017-07-28 18:56:16  INFO 3653.29229403
2017-07-28 18:56:16  INFO 上报错误(test )
2017-07-28 18:56:16  INFO 'test ':报警次数已达上限
2017-07-28 18:56:18  INFO 3655.29204798
2017-07-28 18:56:18  INFO 上报错误(test )
2017-07-28 18:56:18  INFO 'test ':报警次数已达上限
2017-07-28 18:56:20  INFO 3657.29289508
2017-07-28 18:56:20  INFO 上报错误(test )
2017-07-28 18:56:20  INFO 'test ':报警次数已达上限
2017-07-28 18:56:22  INFO 3659.3089211
2017-07-28 18:56:22  INFO 上报错误(test )
2017-07-28 18:56:22  INFO 'test ':报警次数已达上限
2017-07-28 18:56:24  INFO 3661.29285598
2017-07-28 18:56:24  INFO 上报错误(test )
2017-07-28 18:56:24  INFO 'test ':报警次数已达上限
2017-07-28 18:56:26  INFO 3663.29525709
2017-07-28 18:56:26  INFO 上报错误(test )
2017-07-28 18:56:26  INFO 'test ':报警次数已达上限
2017-07-28 18:56:28  INFO 3665.29197598
2017-07-28 18:56:28  INFO 上报错误(test )
2017-07-28 18:56:28  INFO 'test ':报警次数已达上限
2017-07-28 18:56:30  INFO 3667.29274797
2017-07-28 18:56:30  INFO 上报错误(test )
2017-07-28 18:56:30  INFO 'test ':报警次数已达上限
2017-07-28 18:56:32  INFO 3669.29285789
2017-07-28 18:56:32  INFO 上报错误(test )
2017-07-28 18:56:32  INFO 'test ':报警次数已达上限
2017-07-28 18:56:34  INFO 3671.29539704
2017-07-28 18:56:34  INFO 上报错误(test )
2017-07-28 18:56:34  INFO 'test ':报警次数已达上限
2017-07-28 18:56:36  INFO 3673.29264593
2017-07-28 18:56:36  INFO 上报错误(test )
2017-07-28 18:56:36  INFO 'test ':报警次数已达上限
2017-07-28 18:56:38  INFO 3675.29211497
2017-07-28 18:56:38  INFO 上报错误(test )
2017-07-28 18:56:38  INFO 'test ':报警次数已达上限
2017-07-28 18:56:40  INFO 3677.29226303
2017-07-28 18:56:40  INFO 上报错误(test )
2017-07-28 18:56:40  INFO 'test ':报警次数已达上限
2017-07-28 18:56:42  INFO 3679.30012608
2017-07-28 18:56:42  INFO 上报错误(test )
2017-07-28 18:56:42  INFO 'test ':报警次数已达上限
2017-07-28 18:56:44  INFO 3681.29758811
2017-07-28 18:56:44  INFO 上报错误(test )
2017-07-28 18:56:44  INFO 'test ':报警次数已达上限
2017-07-28 18:56:46  INFO 3683.29210591
2017-07-28 18:56:46  INFO 上报错误(test )
2017-07-28 18:56:46  INFO 'test ':报警次数已达上限
2017-07-28 18:56:48  INFO 3685.29279709
2017-07-28 18:56:48  INFO 上报错误(test )
2017-07-28 18:56:48  INFO 'test ':报警次数已达上限
2017-07-28 18:56:50  INFO 3687.29254508
2017-07-28 18:56:50  INFO 上报错误(test )
2017-07-28 18:56:50  INFO 'test ':报警次数已达上限
2017-07-28 18:56:52  INFO 3689.29263806
2017-07-28 18:56:52  INFO 上报错误(test )
2017-07-28 18:56:52  INFO 'test ':报警次数已达上限
2017-07-28 18:56:54  INFO 3691.29386902
2017-07-28 18:56:54  INFO 上报错误(test )
2017-07-28 18:56:54  INFO 'test ':报警次数已达上限
2017-07-28 18:56:56  INFO 3693.29357004
2017-07-28 18:56:56  INFO 上报错误(test )
2017-07-28 18:56:56  INFO 'test ':报警次数已达上限
2017-07-28 18:56:58  INFO 3695.29545307
2017-07-28 18:56:58  INFO 上报错误(test )
2017-07-28 18:56:58  INFO 'test ':报警次数已达上限
2017-07-28 18:57:00  INFO 3697.29562211
2017-07-28 18:57:00  INFO 上报错误(test )
2017-07-28 18:57:00  INFO 'test ':报警次数已达上限
2017-07-28 18:57:02  INFO 3699.292418
2017-07-28 18:57:02  INFO 上报错误(test )
2017-07-28 18:57:02  INFO 'test ':报警次数已达上限
2017-07-28 18:57:04  INFO 3701.29297209
2017-07-28 18:57:04  INFO 上报错误(test )
2017-07-28 18:57:04  INFO 'test ':报警次数已达上限
2017-07-28 18:57:06  INFO 3703.29212904
2017-07-28 18:57:06  INFO 上报错误(test )
2017-07-28 18:57:06  INFO 'test ':报警次数已达上限
2017-07-28 18:57:08  INFO 3705.2943151
2017-07-28 18:57:08  INFO 上报错误(test )
2017-07-28 18:57:08  INFO 'test ':报警次数已达上限
2017-07-28 18:57:10  INFO 3707.29277301
2017-07-28 18:57:10  INFO 上报错误(test )
2017-07-28 18:57:10  INFO 'test ':报警次数已达上限
2017-07-28 18:57:12  INFO 3709.29315305
2017-07-28 18:57:12  INFO 上报错误(test )
2017-07-28 18:57:12  INFO 'test ':报警次数已达上限
2017-07-28 18:57:14  INFO 3711.29318905
2017-07-28 18:57:14  INFO 上报错误(test )
2017-07-28 18:57:14  INFO 'test ':报警次数已达上限
2017-07-28 18:57:16  INFO 3713.29376793
2017-07-28 18:57:16  INFO 上报错误(test )
2017-07-28 18:57:16  INFO 'test ':报警次数已达上限
2017-07-28 18:57:18  INFO 3715.29359198
2017-07-28 18:57:18  INFO 上报错误(test )
2017-07-28 18:57:18  INFO 'test ':报警次数已达上限
2017-07-28 18:57:20  INFO 3717.2923131
2017-07-28 18:57:20  INFO 上报错误(test )
2017-07-28 18:57:20  INFO 'test ':报警次数已达上限
2017-07-28 18:57:22  INFO 3719.29245305
2017-07-28 18:57:22  INFO 上报错误(test )
2017-07-28 18:57:22  INFO 'test ':报警次数已达上限
2017-07-28 18:57:24  INFO 3721.29315209
2017-07-28 18:57:24  INFO 上报错误(test )
2017-07-28 18:57:24  INFO 'test ':报警次数已达上限
2017-07-28 18:57:26  INFO 3723.29286504
2017-07-28 18:57:26  INFO 上报错误(test )
2017-07-28 18:57:26  INFO 'test ':报警次数已达上限
2017-07-28 18:57:28  INFO 3725.29289603
2017-07-28 18:57:28  INFO 上报错误(test )
2017-07-28 18:57:28  INFO 'test ':报警次数已达上限
2017-07-28 18:57:30  INFO 3727.29796791
2017-07-28 18:57:30  INFO 上报错误(test )
2017-07-28 18:57:30  INFO 'test ':报警次数已达上限
2017-07-28 18:57:32  INFO 3729.29240489
2017-07-28 18:57:32  INFO 上报错误(test )
2017-07-28 18:57:32  INFO 'test ':报警次数已达上限
2017-07-28 18:57:34  INFO 3731.29363608
2017-07-28 18:57:34  INFO 上报错误(test )
2017-07-28 18:57:34  INFO 'test ':报警次数已达上限
2017-07-28 18:57:36  INFO 3733.29277301
2017-07-28 18:57:36  INFO 上报错误(test )
2017-07-28 18:57:36  INFO 'test ':报警次数已达上限
2017-07-28 18:57:38  INFO 3735.2926631
2017-07-28 18:57:38  INFO 上报错误(test )
2017-07-28 18:57:38  INFO 'test ':报警次数已达上限
2017-07-28 18:57:40  INFO 3737.292974
2017-07-28 18:57:40  INFO 上报错误(test )
2017-07-28 18:57:40  INFO 'test ':报警次数已达上限
2017-07-28 18:57:42  INFO 3739.29274607
2017-07-28 18:57:42  INFO 上报错误(test )
2017-07-28 18:57:42  INFO 'test ':报警次数已达上限
2017-07-28 18:57:44  INFO 3741.29247093
2017-07-28 18:57:44  INFO 上报错误(test )
2017-07-28 18:57:44  INFO 'test ':报警次数已达上限
2017-07-28 18:57:46  INFO 3743.29205394
2017-07-28 18:57:46  INFO 上报错误(test )
2017-07-28 18:57:46  INFO 'test ':报警次数已达上限
2017-07-28 18:57:48  INFO 3745.29214406
2017-07-28 18:57:48  INFO 上报错误(test )
2017-07-28 18:57:48  INFO 'test ':报警次数已达上限
2017-07-28 18:57:50  INFO 3747.29221296
2017-07-28 18:57:50  INFO 上报错误(test )
2017-07-28 18:57:50  INFO 'test ':报警次数已达上限
2017-07-28 18:57:52  INFO 3749.29261303
2017-07-28 18:57:52  INFO 上报错误(test )
2017-07-28 18:57:52  INFO 'test ':报警次数已达上限
2017-07-28 18:57:54  INFO 3751.29296803
2017-07-28 18:57:54  INFO 上报错误(test )
2017-07-28 18:57:54  INFO 'test ':报警次数已达上限
2017-07-28 18:57:56  INFO 3753.29288697
2017-07-28 18:57:56  INFO 上报错误(test )
2017-07-28 18:57:56  INFO 'test ':报警次数已达上限
2017-07-28 18:57:58  INFO 3755.29313588
2017-07-28 18:57:58  INFO 上报错误(test )
2017-07-28 18:57:58  INFO 'test ':报警次数已达上限
2017-07-28 18:58:00  INFO 3757.293046
2017-07-28 18:58:00  INFO 上报错误(test )
2017-07-28 18:58:00  INFO 'test ':报警次数已达上限
2017-07-28 18:58:02  INFO 3759.29213095
2017-07-28 18:58:02  INFO 上报错误(test )
2017-07-28 18:58:02  INFO 'test ':报警次数已达上限
2017-07-28 18:58:04  INFO 3761.29293108
2017-07-28 18:58:04  INFO 上报错误(test )
2017-07-28 18:58:04  INFO 'test ':报警次数已达上限
2017-07-28 18:58:06  INFO 3763.29265404
2017-07-28 18:58:06  INFO 上报错误(test )
2017-07-28 18:58:06  INFO 'test ':报警次数已达上限
2017-07-28 18:58:08  INFO 3765.29277706
2017-07-28 18:58:08  INFO 上报错误(test )
2017-07-28 18:58:08  INFO 'test ':报警次数已达上限
2017-07-28 18:58:10  INFO 3767.2933619
2017-07-28 18:58:10  INFO 上报错误(test )
2017-07-28 18:58:10  INFO 'test ':报警次数已达上限
2017-07-28 18:58:12  INFO 3769.29233789
2017-07-28 18:58:12  INFO 上报错误(test )
2017-07-28 18:58:12  INFO 'test ':报警次数已达上限
2017-07-28 18:58:14  INFO 3771.292449
2017-07-28 18:58:14  INFO 上报错误(test )
2017-07-28 18:58:14  INFO 'test ':报警次数已达上限
2017-07-28 18:58:16  INFO 3773.29221106
2017-07-28 18:58:16  INFO 上报错误(test )
2017-07-28 18:58:16  INFO 'test ':报警次数已达上限
2017-07-28 18:58:18  INFO 3775.29302001
2017-07-28 18:58:18  INFO 上报错误(test )
2017-07-28 18:58:18  INFO 'test ':报警次数已达上限
2017-07-28 18:58:20  INFO 3777.30127406
2017-07-28 18:58:20  INFO 上报错误(test )
2017-07-28 18:58:20  INFO 'test ':报警次数已达上限
2017-07-28 18:58:22  INFO 3779.29839706
2017-07-28 18:58:22  INFO 上报错误(test )
2017-07-28 18:58:22  INFO 'test ':报警次数已达上限
2017-07-28 18:58:24  INFO 3781.29243803
2017-07-28 18:58:24  INFO 上报错误(test )
2017-07-28 18:58:24  INFO 'test ':报警次数已达上限
2017-07-28 18:58:26  INFO 3783.29299307
2017-07-28 18:58:26  INFO 上报错误(test )
2017-07-28 18:58:26  INFO 'test ':报警次数已达上限
2017-07-28 18:58:28  INFO 3785.2957561
2017-07-28 18:58:28  INFO 上报错误(test )
2017-07-28 18:58:28  INFO 'test ':报警次数已达上限
2017-07-28 18:58:30  INFO 3787.29258609
2017-07-28 18:58:30  INFO 上报错误(test )
2017-07-28 18:58:30  INFO 'test ':报警次数已达上限
2017-07-28 18:58:32  INFO 3789.29263401
2017-07-28 18:58:32  INFO 上报错误(test )
2017-07-28 18:58:32  INFO 'test ':报警次数已达上限
2017-07-28 18:58:34  INFO 3791.29248095
2017-07-28 18:58:34  INFO 上报错误(test )
2017-07-28 18:58:34  INFO 'test ':报警次数已达上限
2017-07-28 18:58:36  INFO 3793.29231906
2017-07-28 18:58:36  INFO 上报错误(test )
2017-07-28 18:58:36  INFO 'test ':报警次数已达上限
2017-07-28 18:58:38  INFO 3795.29200411
2017-07-28 18:58:38  INFO 上报错误(test )
2017-07-28 18:58:38  INFO 'test ':报警次数已达上限
2017-07-28 18:58:40  INFO 3797.29214692
2017-07-28 18:58:40  INFO 上报错误(test )
2017-07-28 18:58:40  INFO 'test ':报警次数已达上限
2017-07-28 18:58:42  INFO 3799.29218698
2017-07-28 18:58:42  INFO 上报错误(test )
2017-07-28 18:58:42  INFO 'test ':报警次数已达上限
2017-07-28 18:58:44  INFO 3801.29357409
2017-07-28 18:58:44  INFO 上报错误(test )
2017-07-28 18:58:44  INFO 'test ':报警次数已达上限
2017-07-28 18:58:46  INFO 3803.29263902
2017-07-28 18:58:46  INFO 上报错误(test )
2017-07-28 18:58:46  INFO 'test ':报警次数已达上限
2017-07-28 18:58:48  INFO 3805.29248691
2017-07-28 18:58:48  INFO 上报错误(test )
2017-07-28 18:58:48  INFO 'test ':报警次数已达上限
2017-07-28 18:58:50  INFO 3807.29285598
2017-07-28 18:58:50  INFO 上报错误(test )
2017-07-28 18:58:50  INFO 'test ':报警次数已达上限
2017-07-28 18:58:52  INFO 3809.29239011
2017-07-28 18:58:52  INFO 上报错误(test )
2017-07-28 18:58:52  INFO 'test ':报警次数已达上限
2017-07-28 18:58:54  INFO 3811.29598999
2017-07-28 18:58:54  INFO 上报错误(test )
2017-07-28 18:58:54  INFO 'test ':报警次数已达上限
2017-07-28 18:58:56  INFO 3813.29231405
2017-07-28 18:58:56  INFO 上报错误(test )
2017-07-28 18:58:56  INFO 'test ':报警次数已达上限
2017-07-28 18:58:58  INFO 3815.2966361
2017-07-28 18:58:58  INFO 上报错误(test )
2017-07-28 18:58:58  INFO 'test ':报警次数已达上限
2017-07-28 18:59:00  INFO 3817.29264212
2017-07-28 18:59:00  INFO 上报错误(test )
2017-07-28 18:59:00  INFO 'test ':报警次数已达上限
2017-07-28 18:59:02  INFO 3819.29213405
2017-07-28 18:59:02  INFO 上报错误(test )
2017-07-28 18:59:02  INFO 'test ':报警次数已达上限
2017-07-28 18:59:04  INFO 3821.29224205
2017-07-28 18:59:04  INFO 上报错误(test )
2017-07-28 18:59:04  INFO 'test ':报警次数已达上限
2017-07-28 18:59:06  INFO 3823.2922461
2017-07-28 18:59:06  INFO 上报错误(test )
2017-07-28 18:59:06  INFO 'test ':报警次数已达上限
2017-07-28 18:59:08  INFO 3825.29293203
2017-07-28 18:59:08  INFO 上报错误(test )
2017-07-28 18:59:08  INFO 'test ':报警次数已达上限
2017-07-28 18:59:10  INFO 3827.29260802
2017-07-28 18:59:10  INFO 上报错误(test )
2017-07-28 18:59:10  INFO 'test ':报警次数已达上限
2017-07-28 18:59:12  INFO 3829.29257989
2017-07-28 18:59:12  INFO 上报错误(test )
2017-07-28 18:59:12  INFO 'test ':报警次数已达上限
2017-07-28 18:59:14  INFO 3831.29216504
2017-07-28 18:59:14  INFO 上报错误(test )
2017-07-28 18:59:14  INFO 'test ':报警次数已达上限
2017-07-28 18:59:16  INFO 3833.29267406
2017-07-28 18:59:16  INFO 上报错误(test )
2017-07-28 18:59:16  INFO 'test ':报警次数已达上限
2017-07-28 18:59:18  INFO 3835.29354191
2017-07-28 18:59:18  INFO 上报错误(test )
2017-07-28 18:59:18  INFO 'test ':报警次数已达上限
2017-07-28 18:59:20  INFO 3837.29386091
2017-07-28 18:59:20  INFO 上报错误(test )
2017-07-28 18:59:20  INFO 'test ':报警次数已达上限
2017-07-28 18:59:22  INFO 3839.29229307
2017-07-28 18:59:22  INFO 上报错误(test )
2017-07-28 18:59:22  INFO 'test ':报警次数已达上限
2017-07-28 18:59:24  INFO 3841.29296494
2017-07-28 18:59:24  INFO 上报错误(test )
2017-07-28 18:59:24  INFO 'test ':报警次数已达上限
2017-07-28 18:59:26  INFO 3843.29310608
2017-07-28 18:59:26  INFO 上报错误(test )
2017-07-28 18:59:26  INFO 'test ':报警次数已达上限
2017-07-28 18:59:28  INFO 3845.29229307
2017-07-28 18:59:28  INFO 上报错误(test )
2017-07-28 18:59:28  INFO 'test ':报警次数已达上限
2017-07-28 18:59:30  INFO 3847.29715705
2017-07-28 18:59:30  INFO 上报错误(test )
2017-07-28 18:59:30  INFO 'test ':报警次数已达上限
2017-07-28 18:59:32  INFO 3849.29234791
2017-07-28 18:59:32  INFO 上报错误(test )
2017-07-28 18:59:32  INFO 'test ':报警次数已达上限
2017-07-28 18:59:34  INFO 3851.2953651
2017-07-28 18:59:34  INFO 上报错误(test )
2017-07-28 18:59:34  INFO 'test ':报警次数已达上限
2017-07-28 18:59:36  INFO 3853.29543209
2017-07-28 18:59:36  INFO 上报错误(test )
2017-07-28 18:59:36  INFO 'test ':报警次数已达上限
2017-07-28 18:59:38  INFO 3855.29639602
2017-07-28 18:59:38  INFO 上报错误(test )
2017-07-28 18:59:38  INFO 'test ':报警次数已达上限
2017-07-28 18:59:40  INFO 3857.29628205
2017-07-28 18:59:40  INFO 上报错误(test )
2017-07-28 18:59:40  INFO 'test ':报警次数已达上限
2017-07-28 18:59:42  INFO 3859.292449
2017-07-28 18:59:42  INFO 上报错误(test )
2017-07-28 18:59:42  INFO 'test ':报警次数已达上限
2017-07-28 18:59:44  INFO 3861.297153
2017-07-28 18:59:44  INFO 上报错误(test )
2017-07-28 18:59:44  INFO 'test ':报警次数已达上限
2017-07-28 18:59:46  INFO 3863.29203701
2017-07-28 18:59:46  INFO 上报错误(test )
2017-07-28 18:59:46  INFO 'test ':报警次数已达上限
2017-07-28 18:59:48  INFO 3865.29604006
2017-07-28 18:59:48  INFO 上报错误(test )
2017-07-28 18:59:48  INFO 'test ':报警次数已达上限
2017-07-28 18:59:50  INFO 3867.29328203
2017-07-28 18:59:50  INFO 上报错误(test )
2017-07-28 18:59:50  INFO 'test ':报警次数已达上限
2017-07-28 18:59:52  INFO 3869.29259801
2017-07-28 18:59:52  INFO 上报错误(test )
2017-07-28 18:59:52  INFO 'test ':报警次数已达上限
2017-07-28 18:59:54  INFO 3871.29215097
2017-07-28 18:59:54  INFO 上报错误(test )
2017-07-28 18:59:54  INFO 'test ':报警次数已达上限
2017-07-28 18:59:56  INFO 3873.29257011
2017-07-28 18:59:56  INFO 上报错误(test )
2017-07-28 18:59:56  INFO 'test ':报警次数已达上限
2017-07-28 18:59:58  INFO 3875.29197407
2017-07-28 18:59:58  INFO 上报错误(test )
2017-07-28 18:59:58  INFO 'test ':报警次数已达上限
2017-07-28 19:00:00  INFO 3877.29299212
2017-07-28 19:00:00  INFO 上报错误(test )
2017-07-28 19:00:00  INFO 'test ':报警次数已达上限
2017-07-28 19:00:02  INFO 3879.29360294
2017-07-28 19:00:02  INFO 上报错误(test )
2017-07-28 19:00:02  INFO 'test ':报警次数已达上限
2017-07-28 19:00:04  INFO 3881.29318404
2017-07-28 19:00:04  INFO 上报错误(test )
2017-07-28 19:00:04  INFO 'test ':报警次数已达上限
2017-07-28 19:00:06  INFO 3883.2918849
2017-07-28 19:00:06  INFO 上报错误(test )
2017-07-28 19:00:06  INFO 'test ':报警次数已达上限
2017-07-28 19:00:08  INFO 3885.29224205
2017-07-28 19:00:08  INFO 上报错误(test )
2017-07-28 19:00:08  INFO 'test ':报警次数已达上限
2017-07-28 19:00:10  INFO 3887.29218698
2017-07-28 19:00:10  INFO 上报错误(test )
2017-07-28 19:00:10  INFO 'test ':报警次数已达上限
2017-07-28 19:00:12  INFO 3889.29987597
2017-07-28 19:00:12  INFO 上报错误(test )
2017-07-28 19:00:12  INFO 'test ':报警次数已达上限
2017-07-28 19:00:14  INFO 3891.30167198
2017-07-28 19:00:14  INFO 上报错误(test )
2017-07-28 19:00:14  INFO 'test ':报警次数已达上限
2017-07-28 19:00:16  INFO 3893.29785895
2017-07-28 19:00:16  INFO 上报错误(test )
2017-07-28 19:00:16  INFO 'test ':报警次数已达上限
2017-07-28 19:00:18  INFO 3895.29556799
2017-07-28 19:00:18  INFO 上报错误(test )
2017-07-28 19:00:18  INFO 'test ':报警次数已达上限
2017-07-28 19:00:20  INFO 3897.30184007
2017-07-28 19:00:20  INFO 上报错误(test )
2017-07-28 19:00:20  INFO 'test ':报警次数已达上限
2017-07-28 19:00:22  INFO 3899.29506493
2017-07-28 19:00:22  INFO 上报错误(test )
2017-07-28 19:00:22  INFO 'test ':报警次数已达上限
2017-07-28 19:00:24  INFO 3901.29232001
2017-07-28 19:00:24  INFO 上报错误(test )
2017-07-28 19:00:24  INFO 'test ':报警次数已达上限
2017-07-28 19:00:26  INFO 3903.29241204
2017-07-28 19:00:26  INFO 上报错误(test )
2017-07-28 19:00:26  INFO 'test ':报警次数已达上限
2017-07-28 19:00:28  INFO 3905.29296899
2017-07-28 19:00:28  INFO 上报错误(test )
2017-07-28 19:00:28  INFO 'test ':报警次数已达上限
2017-07-28 19:00:30  INFO 3907.29290605
2017-07-28 19:00:30  INFO 上报错误(test )
2017-07-28 19:00:30  INFO 'test ':报警次数已达上限
2017-07-28 19:00:32  INFO 3909.29263496
2017-07-28 19:00:32  INFO 上报错误(test )
2017-07-28 19:00:32  INFO 'test ':报警次数已达上限
2017-07-28 19:00:34  INFO 3911.29295707
2017-07-28 19:00:34  INFO 上报错误(test )
2017-07-28 19:00:34  INFO 'test ':报警次数已达上限
2017-07-28 19:00:36  INFO 3913.29200411
2017-07-28 19:00:36  INFO 上报错误(test )
2017-07-28 19:00:36  INFO 'test ':报警次数已达上限
2017-07-28 19:00:38  INFO 3915.29395103
2017-07-28 19:00:38  INFO 上报错误(test )
2017-07-28 19:00:38  INFO 'test ':报警次数已达上限
2017-07-28 19:00:40  INFO 3917.2939651
2017-07-28 19:00:40  INFO 上报错误(test )
2017-07-28 19:00:40  INFO 'test ':报警次数已达上限
2017-07-28 19:00:42  INFO 3919.29545403
2017-07-28 19:00:42  INFO 上报错误(test )
2017-07-28 19:00:42  INFO 'test ':报警次数已达上限
2017-07-28 19:00:44  INFO 3921.29475188
2017-07-28 19:00:44  INFO 上报错误(test )
2017-07-28 19:00:44  INFO 'test ':报警次数已达上限
2017-07-28 19:00:46  INFO 3923.29475808
2017-07-28 19:00:46  INFO 上报错误(test )
2017-07-28 19:00:46  INFO 'test ':报警次数已达上限
2017-07-28 19:00:48  INFO 3925.29257011
2017-07-28 19:00:48  INFO 上报错误(test )
2017-07-28 19:00:48  INFO 'test ':报警次数已达上限
2017-07-28 19:00:50  INFO 3927.29271293
2017-07-28 19:00:50  INFO 上报错误(test )
2017-07-28 19:00:50  INFO 'test ':报警次数已达上限
2017-07-28 19:00:52  INFO 3929.29232192
2017-07-28 19:00:52  INFO 上报错误(test )
2017-07-28 19:00:52  INFO 'test ':报警次数已达上限
2017-07-28 19:00:54  INFO 3931.29275608
2017-07-28 19:00:54  INFO 上报错误(test )
2017-07-28 19:00:54  INFO 'test ':报警次数已达上限
2017-07-28 19:00:56  INFO 3933.29326105
2017-07-28 19:00:56  INFO 上报错误(test )
2017-07-28 19:00:56  INFO 'test ':报警次数已达上限
2017-07-28 19:00:58  INFO 3935.29236102
2017-07-28 19:00:58  INFO 上报错误(test )
2017-07-28 19:00:58  INFO 'test ':报警次数已达上限
2017-07-28 19:01:00  INFO 3937.29256797
2017-07-28 19:01:00  INFO 上报错误(test )
2017-07-28 19:01:00  INFO 'test ':报警次数已达上限
2017-07-28 19:01:02  INFO 3939.29238296
2017-07-28 19:01:02  INFO 上报错误(test )
2017-07-28 19:01:02  INFO 'test ':报警次数已达上限
2017-07-28 19:01:04  INFO 3941.29289508
2017-07-28 19:01:04  INFO 上报错误(test )
2017-07-28 19:01:04  INFO 'test ':报警次数已达上限
2017-07-28 19:01:06  INFO 3943.29313207
2017-07-28 19:01:06  INFO 上报错误(test )
2017-07-28 19:01:06  INFO 'test ':报警次数已达上限
2017-07-28 19:01:08  INFO 3945.29314995
2017-07-28 19:01:08  INFO 上报错误(test )
2017-07-28 19:01:08  INFO 'test ':报警次数已达上限
2017-07-28 19:01:10  INFO 3947.29250002
2017-07-28 19:01:10  INFO 上报错误(test )
2017-07-28 19:01:10  INFO 'test ':报警次数已达上限
2017-07-28 19:01:12  INFO 3949.29256511
2017-07-28 19:01:12  INFO 上报错误(test )
2017-07-28 19:01:12  INFO 'test ':报警次数已达上限
2017-07-28 19:01:14  INFO 3951.29271793
2017-07-28 19:01:14  INFO 上报错误(test )
2017-07-28 19:01:14  INFO 'test ':报警次数已达上限
2017-07-28 19:01:16  INFO 3953.2929821
2017-07-28 19:01:16  INFO 上报错误(test )
2017-07-28 19:01:16  INFO 'test ':报警次数已达上限
2017-07-28 19:01:18  INFO 3955.29276609
2017-07-28 19:01:18  INFO 上报错误(test )
2017-07-28 19:01:18  INFO 'test ':报警次数已达上限
2017-07-28 19:01:20  INFO 3957.29320693
2017-07-28 19:01:20  INFO 上报错误(test )
2017-07-28 19:01:20  INFO 'test ':报警次数已达上限
2017-07-28 19:01:22  INFO 3959.2963829
2017-07-28 19:01:22  INFO 上报错误(test )
2017-07-28 19:01:22  INFO 'test ':报警次数已达上限
2017-07-28 19:01:24  INFO 3961.29231501
2017-07-28 19:01:24  INFO 上报错误(test )
2017-07-28 19:01:24  INFO 'test ':报警次数已达上限
2017-07-28 19:01:26  INFO 3963.30120802
2017-07-28 19:01:26  INFO 上报错误(test )
2017-07-28 19:01:26  INFO 'test ':报警次数已达上限
2017-07-28 19:01:28  INFO 3965.29620099
2017-07-28 19:01:28  INFO 上报错误(test )
2017-07-28 19:01:28  INFO 'test ':报警次数已达上限
2017-07-28 19:01:30  INFO 3967.29632497
2017-07-28 19:01:30  INFO 上报错误(test )
2017-07-28 19:01:30  INFO 'test ':报警次数已达上限
2017-07-28 19:01:32  INFO 3969.2937901
2017-07-28 19:01:32  INFO 上报错误(test )
2017-07-28 19:01:32  INFO 'test ':报警次数已达上限
2017-07-28 19:01:34  INFO 3971.29224801
2017-07-28 19:01:34  INFO 上报错误(test )
2017-07-28 19:01:34  INFO 'test ':报警次数已达上限
2017-07-28 19:01:36  INFO 3973.29250789
2017-07-28 19:01:36  INFO 上报错误(test )
2017-07-28 19:01:36  INFO 'test ':报警次数已达上限
2017-07-28 19:01:38  INFO 3975.29286909
2017-07-28 19:01:38  INFO 上报错误(test )
2017-07-28 19:01:38  INFO 'test ':报警次数已达上限
2017-07-28 19:01:40  INFO 3977.29283404
2017-07-28 19:01:40  INFO 上报错误(test )
2017-07-28 19:01:40  INFO 'test ':报警次数已达上限
2017-07-28 19:01:42  INFO 3979.29540396
2017-07-28 19:01:42  INFO 上报错误(test )
2017-07-28 19:01:42  INFO 'test ':报警次数已达上限
2017-07-28 19:01:44  INFO 3981.29258609
2017-07-28 19:01:44  INFO 上报错误(test )
2017-07-28 19:01:44  INFO 'test ':报警次数已达上限
2017-07-28 19:01:46  INFO 3983.32228088
2017-07-28 19:01:46  INFO 上报错误(test )
2017-07-28 19:01:46  INFO 'test ':报警次数已达上限
2017-07-28 19:01:48  INFO 3985.29380894
2017-07-28 19:01:48  INFO 上报错误(test )
2017-07-28 19:01:48  INFO 'test ':报警次数已达上限
2017-07-28 19:01:50  INFO 3987.29358506
2017-07-28 19:01:50  INFO 上报错误(test )
2017-07-28 19:01:50  INFO 'test ':报警次数已达上限
2017-07-28 19:01:52  INFO 3989.2940371
2017-07-28 19:01:52  INFO 上报错误(test )
2017-07-28 19:01:52  INFO 'test ':报警次数已达上限
2017-07-28 19:01:54  INFO 3991.29460192
2017-07-28 19:01:54  INFO 上报错误(test )
2017-07-28 19:01:54  INFO 'test ':报警次数已达上限
2017-07-28 19:01:56  INFO 3993.29278994
2017-07-28 19:01:56  INFO 上报错误(test )
2017-07-28 19:01:56  INFO 'test ':报警次数已达上限
2017-07-28 19:01:58  INFO 3995.29266191
2017-07-28 19:01:58  INFO 上报错误(test )
2017-07-28 19:01:58  INFO 'test ':报警次数已达上限
2017-07-28 19:02:00  INFO 3997.29645205
2017-07-28 19:02:00  INFO 上报错误(test )
2017-07-28 19:02:00  INFO 'test ':报警次数已达上限
2017-07-28 19:02:02  INFO 3999.2930541
2017-07-28 19:02:02  INFO 上报错误(test )
2017-07-28 19:02:02  INFO 'test ':报警次数已达上限
2017-07-28 19:02:04  INFO 4001.29207706
2017-07-28 19:02:04  INFO 上报错误(test )
2017-07-28 19:02:04  INFO 'test ':报警次数已达上限
2017-07-28 19:02:06  INFO 4003.29301906
2017-07-28 19:02:06  INFO 上报错误(test )
2017-07-28 19:02:06  INFO 'test ':报警次数已达上限
2017-07-28 19:02:08  INFO 4005.29274797
2017-07-28 19:02:08  INFO 上报错误(test )
2017-07-28 19:02:08  INFO 'test ':报警次数已达上限
2017-07-28 19:02:10  INFO 4007.29186201
2017-07-28 19:02:10  INFO 上报错误(test )
2017-07-28 19:02:10  INFO 'test ':报警次数已达上限
2017-07-28 19:02:12  INFO 4009.29224992
2017-07-28 19:02:12  INFO 上报错误(test )
2017-07-28 19:02:12  INFO 'test ':报警次数已达上限
2017-07-28 19:02:14  INFO 4011.29193807
2017-07-28 19:02:14  INFO 上报错误(test )
2017-07-28 19:02:14  INFO 'test ':报警次数已达上限
2017-07-28 19:02:16  INFO 4013.29196095
2017-07-28 19:02:16  INFO 上报错误(test )
2017-07-28 19:02:16  INFO 'test ':报警次数已达上限
2017-07-28 19:02:18  INFO 4015.29249692
2017-07-28 19:02:18  INFO 上报错误(test )
2017-07-28 19:02:18  INFO 'test ':报警次数已达上限
2017-07-28 19:02:20  INFO 4017.29194307
2017-07-28 19:02:20  INFO 上报错误(test )
2017-07-28 19:02:20  INFO 'test ':报警次数已达上限
2017-07-28 19:02:22  INFO 4019.29358912
2017-07-28 19:02:22  INFO 上报错误(test )
2017-07-28 19:02:22  INFO 'test ':报警次数已达上限
2017-07-28 19:02:24  INFO 4021.29414511
2017-07-28 19:02:24  INFO 上报错误(test )
2017-07-28 19:02:24  INFO 'test ':报警次数已达上限
2017-07-28 19:02:26  INFO 4023.29257488
2017-07-28 19:02:26  INFO 上报错误(test )
2017-07-28 19:02:26  INFO 'test ':报警次数已达上限
2017-07-28 19:02:28  INFO 4025.30265594
2017-07-28 19:02:28  INFO 上报错误(test )
2017-07-28 19:02:28  INFO 'test ':报警次数已达上限
2017-07-28 19:02:30  INFO 4027.29484892
2017-07-28 19:02:30  INFO 上报错误(test )
2017-07-28 19:02:30  INFO 'test ':报警次数已达上限
2017-07-28 19:02:32  INFO 4029.29383302
2017-07-28 19:02:32  INFO 上报错误(test )
2017-07-28 19:02:32  INFO 'test ':报警次数已达上限
2017-07-28 19:02:34  INFO 4031.29758501
2017-07-28 19:02:34  INFO 上报错误(test )
2017-07-28 19:02:34  INFO 'test ':报警次数已达上限
2017-07-28 19:02:36  INFO 4033.293015
2017-07-28 19:02:36  INFO 上报错误(test )
2017-07-28 19:02:36  INFO 'test ':报警次数已达上限
2017-07-28 19:02:38  INFO 4035.29315209
2017-07-28 19:02:38  INFO 上报错误(test )
2017-07-28 19:02:38  INFO 'test ':报警次数已达上限
2017-07-28 19:02:40  INFO 4037.29343295
2017-07-28 19:02:40  INFO 上报错误(test )
2017-07-28 19:02:40  INFO 'test ':报警次数已达上限
2017-07-28 19:02:42  INFO 4039.2928071
2017-07-28 19:02:42  INFO 上报错误(test )
2017-07-28 19:02:42  INFO 'test ':报警次数已达上限
2017-07-28 19:02:44  INFO 4041.29196
2017-07-28 19:02:44  INFO 上报错误(test )
2017-07-28 19:02:44  INFO 'test ':报警次数已达上限
2017-07-28 19:02:46  INFO 4043.29372597
2017-07-28 19:02:46  INFO 上报错误(test )
2017-07-28 19:02:46  INFO 'test ':报警次数已达上限
2017-07-28 19:02:48  INFO 4045.29464602
2017-07-28 19:02:48  INFO 上报错误(test )
2017-07-28 19:02:48  INFO 'test ':报警次数已达上限
2017-07-28 19:02:50  INFO 4047.2925179
2017-07-28 19:02:50  INFO 上报错误(test )
2017-07-28 19:02:50  INFO 'test ':报警次数已达上限
2017-07-28 19:02:52  INFO 4049.29268289
2017-07-28 19:02:52  INFO 上报错误(test )
2017-07-28 19:02:52  INFO 'test ':报警次数已达上限
2017-07-28 19:02:54  INFO 4051.2936759
2017-07-28 19:02:54  INFO 上报错误(test )
2017-07-28 19:02:54  INFO 'test ':报警次数已达上限
2017-07-28 19:02:56  INFO 4053.29255009
2017-07-28 19:02:56  INFO 上报错误(test )
2017-07-28 19:02:56  INFO 'test ':报警次数已达上限
2017-07-28 19:02:58  INFO 4055.29226208
2017-07-28 19:02:58  INFO 上报错误(test )
2017-07-28 19:02:58  INFO 'test ':报警次数已达上限
2017-07-28 19:03:00  INFO 4057.29429698
2017-07-28 19:03:00  INFO 上报错误(test )
2017-07-28 19:03:00  INFO 'test ':报警次数已达上限
2017-07-28 19:03:02  INFO 4059.29268789
2017-07-28 19:03:02  INFO 上报错误(test )
2017-07-28 19:03:02  INFO 'test ':报警次数已达上限
2017-07-28 19:03:04  INFO 4061.29237795
2017-07-28 19:03:04  INFO 上报错误(test )
2017-07-28 19:03:04  INFO 'test ':报警次数已达上限
2017-07-28 19:03:06  INFO 4063.29319596
2017-07-28 19:03:06  INFO 上报错误(test )
2017-07-28 19:03:06  INFO 'test ':报警次数已达上限
2017-07-28 19:03:08  INFO 4065.29243708
2017-07-28 19:03:08  INFO 上报错误(test )
2017-07-28 19:03:08  INFO 'test ':报警次数已达上限
2017-07-28 19:03:10  INFO 4067.29277706
2017-07-28 19:03:10  INFO 上报错误(test )
2017-07-28 19:03:10  INFO 'test ':报警次数已达上限
2017-07-28 19:03:12  INFO 4069.29564404
2017-07-28 19:03:12  INFO 上报错误(test )
2017-07-28 19:03:12  INFO 'test ':报警次数已达上限
2017-07-28 19:03:14  INFO 4071.29214811
2017-07-28 19:03:14  INFO 上报错误(test )
2017-07-28 19:03:14  INFO 'test ':报警次数已达上限
2017-07-28 19:03:16  INFO 4073.29242492
2017-07-28 19:03:16  INFO 上报错误(test )
2017-07-28 19:03:16  INFO 'test ':报警次数已达上限
2017-07-28 19:03:18  INFO 4075.29384303
2017-07-28 19:03:18  INFO 上报错误(test )
2017-07-28 19:03:18  INFO 'test ':报警次数已达上限
2017-07-28 19:03:20  INFO 4077.29229808
2017-07-28 19:03:20  INFO 上报错误(test )
2017-07-28 19:03:20  INFO 'test ':报警次数已达上限
2017-07-28 19:03:22  INFO 4079.29235291
2017-07-28 19:03:22  INFO 上报错误(test )
2017-07-28 19:03:22  INFO 'test ':报警次数已达上限
2017-07-28 19:03:24  INFO 4081.29312801
2017-07-28 19:03:24  INFO 上报错误(test )
2017-07-28 19:03:24  INFO 'test ':报警次数已达上限
2017-07-28 19:03:26  INFO 4083.29283309
2017-07-28 19:03:26  INFO 上报错误(test )
2017-07-28 19:03:26  INFO 'test ':报警次数已达上限
2017-07-28 19:03:28  INFO 4085.29210591
2017-07-28 19:03:28  INFO 上报错误(test )
2017-07-28 19:03:28  INFO 'test ':报警次数已达上限
2017-07-28 19:03:30  INFO 4087.29512811
2017-07-28 19:03:30  INFO 上报错误(test )
2017-07-28 19:03:30  INFO 'test ':报警次数已达上限
2017-07-28 19:03:32  INFO 4089.2920289
2017-07-28 19:03:32  INFO 上报错误(test )
2017-07-28 19:03:32  INFO 'test ':报警次数已达上限
2017-07-28 19:03:34  INFO 4091.29816699
2017-07-28 19:03:34  INFO 上报错误(test )
2017-07-28 19:03:34  INFO 'test ':报警次数已达上限
2017-07-28 19:03:36  INFO 4093.29418492
2017-07-28 19:03:36  INFO 上报错误(test )
2017-07-28 19:03:36  INFO 'test ':报警次数已达上限
2017-07-28 19:03:38  INFO 4095.2939291
2017-07-28 19:03:38  INFO 上报错误(test )
2017-07-28 19:03:38  INFO 'test ':报警次数已达上限
2017-07-28 19:03:40  INFO 4097.29329491
2017-07-28 19:03:40  INFO 上报错误(test )
2017-07-28 19:03:40  INFO 'test ':报警次数已达上限
2017-07-28 19:03:42  INFO 4099.29255605
2017-07-28 19:03:42  INFO 上报错误(test )
2017-07-28 19:03:42  INFO 'test ':报警次数已达上限
2017-07-28 19:03:44  INFO 4101.29309106
2017-07-28 19:03:44  INFO 上报错误(test )
2017-07-28 19:03:44  INFO 'test ':报警次数已达上限
2017-07-28 19:03:46  INFO 4103.29243112
2017-07-28 19:03:46  INFO 上报错误(test )
2017-07-28 19:03:46  INFO 'test ':报警次数已达上限
2017-07-28 19:03:48  INFO 4105.2935791
2017-07-28 19:03:48  INFO 上报错误(test )
2017-07-28 19:03:48  INFO 'test ':报警次数已达上限
2017-07-28 19:03:50  INFO 4107.29243493
2017-07-28 19:03:50  INFO 上报错误(test )
2017-07-28 19:03:50  INFO 'test ':报警次数已达上限
2017-07-28 19:03:52  INFO 4109.29316211
2017-07-28 19:03:52  INFO 上报错误(test )
2017-07-28 19:03:52  INFO 'test ':报警次数已达上限
2017-07-28 19:03:54  INFO 4111.29209805
2017-07-28 19:03:54  INFO 上报错误(test )
2017-07-28 19:03:54  INFO 'test ':报警次数已达上限
2017-07-28 19:03:56  INFO 4113.2938571
2017-07-28 19:03:56  INFO 上报错误(test )
2017-07-28 19:03:56  INFO 'test ':报警次数已达上限
2017-07-28 19:03:58  INFO 4115.31813002
2017-07-28 19:03:58  INFO 上报错误(test )
2017-07-28 19:03:58  INFO 'test ':报警次数已达上限
2017-07-28 19:04:00  INFO 4117.29474902
2017-07-28 19:04:00  INFO 上报错误(test )
2017-07-28 19:04:00  INFO 'test ':报警次数已达上限
2017-07-28 19:04:02  INFO 4119.29257298
2017-07-28 19:04:02  INFO 上报错误(test )
2017-07-28 19:04:02  INFO 'test ':报警次数已达上限
2017-07-28 19:04:04  INFO 4121.29636097
2017-07-28 19:04:04  INFO 上报错误(test )
2017-07-28 19:04:04  INFO 'test ':报警次数已达上限
2017-07-28 19:04:06  INFO 4123.29279709
2017-07-28 19:04:06  INFO 上报错误(test )
2017-07-28 19:04:06  INFO 'test ':报警次数已达上限
2017-07-28 19:04:08  INFO 4125.2934761
2017-07-28 19:04:08  INFO 上报错误(test )
2017-07-28 19:04:08  INFO 'test ':报警次数已达上限
2017-07-28 19:04:10  INFO 4127.2928381
2017-07-28 19:04:10  INFO 上报错误(test )
2017-07-28 19:04:10  INFO 'test ':报警次数已达上限
2017-07-28 19:04:12  INFO 4129.292382
2017-07-28 19:04:12  INFO 上报错误(test )
2017-07-28 19:04:12  INFO 'test ':报警次数已达上限
2017-07-28 19:04:14  INFO 4131.29351807
2017-07-28 19:04:14  INFO 上报错误(test )
2017-07-28 19:04:14  INFO 'test ':报警次数已达上限
2017-07-28 19:04:16  INFO 4133.29218197
2017-07-28 19:04:16  INFO 上报错误(test )
2017-07-28 19:04:16  INFO 'test ':报警次数已达上限
2017-07-28 19:04:18  INFO 4135.29303098
2017-07-28 19:04:18  INFO 上报错误(test )
2017-07-28 19:04:18  INFO 'test ':报警次数已达上限
2017-07-28 19:04:20  INFO 4137.29296088
2017-07-28 19:04:20  INFO 上报错误(test )
2017-07-28 19:04:20  INFO 'test ':报警次数已达上限
2017-07-28 19:04:22  INFO 4139.29283595
2017-07-28 19:04:22  INFO 上报错误(test )
2017-07-28 19:04:22  INFO 'test ':报警次数已达上限
2017-07-28 19:04:24  INFO 4141.29234409
2017-07-28 19:04:24  INFO 上报错误(test )
2017-07-28 19:04:24  INFO 'test ':报警次数已达上限
2017-07-28 19:04:26  INFO 4143.29309702
2017-07-28 19:04:26  INFO 上报错误(test )
2017-07-28 19:04:26  INFO 'test ':报警次数已达上限
2017-07-28 19:04:28  INFO 4145.29255199
2017-07-28 19:04:28  INFO 上报错误(test )
2017-07-28 19:04:28  INFO 'test ':报警次数已达上限
2017-07-28 19:04:30  INFO 4147.29369593
2017-07-28 19:04:30  INFO 上报错误(test )
2017-07-28 19:04:30  INFO 'test ':报警次数已达上限
2017-07-28 19:04:32  INFO 4149.29234409
2017-07-28 19:04:32  INFO 上报错误(test )
2017-07-28 19:04:32  INFO 'test ':报警次数已达上限
2017-07-28 19:04:34  INFO 4151.29287601
2017-07-28 19:04:34  INFO 上报错误(test )
2017-07-28 19:04:34  INFO 'test ':报警次数已达上限
2017-07-28 19:04:36  INFO 4153.29251003
2017-07-28 19:04:36  INFO 上报错误(test )
2017-07-28 19:04:36  INFO 'test ':报警次数已达上限
2017-07-28 19:04:38  INFO 4155.29263306
2017-07-28 19:04:38  INFO 上报错误(test )
2017-07-28 19:04:38  INFO 'test ':报警次数已达上限
2017-07-28 19:04:40  INFO 4157.29341292
2017-07-28 19:04:40  INFO 上报错误(test )
2017-07-28 19:04:40  INFO 'test ':报警次数已达上限
2017-07-28 19:04:42  INFO 4159.29269695
2017-07-28 19:04:42  INFO 上报错误(test )
2017-07-28 19:04:42  INFO 'test ':报警次数已达上限
2017-07-28 19:04:44  INFO 4161.29357409
2017-07-28 19:04:44  INFO 上报错误(test )
2017-07-28 19:04:44  INFO 'test ':报警次数已达上限
2017-07-28 19:04:46  INFO 4163.29240704
2017-07-28 19:04:46  INFO 上报错误(test )
2017-07-28 19:04:46  INFO 'test ':报警次数已达上限
2017-07-28 19:04:48  INFO 4165.29356599
2017-07-28 19:04:48  INFO 上报错误(test )
2017-07-28 19:04:48  INFO 'test ':报警次数已达上限
2017-07-28 19:04:50  INFO 4167.29366899
2017-07-28 19:04:50  INFO 上报错误(test )
2017-07-28 19:04:50  INFO 'test ':报警次数已达上限
2017-07-28 19:04:52  INFO 4169.29268694
2017-07-28 19:04:52  INFO 上报错误(test )
2017-07-28 19:04:52  INFO 'test ':报警次数已达上限
2017-07-28 19:04:54  INFO 4171.29331398
2017-07-28 19:04:54  INFO 上报错误(test )
2017-07-28 19:04:54  INFO 'test ':报警次数已达上限
2017-07-28 19:04:56  INFO 4173.2941761
2017-07-28 19:04:56  INFO 上报错误(test )
2017-07-28 19:04:56  INFO 'test ':报警次数已达上限
2017-07-28 19:04:58  INFO 4175.29320002
2017-07-28 19:04:58  INFO 上报错误(test )
2017-07-28 19:04:58  INFO 'test ':报警次数已达上限
2017-07-28 19:05:00  INFO 4177.29209709
2017-07-28 19:05:00  INFO 上报错误(test )
2017-07-28 19:05:00  INFO 'test ':报警次数已达上限
2017-07-28 19:05:02  INFO 4179.2930131
2017-07-28 19:05:02  INFO 上报错误(test )
2017-07-28 19:05:02  INFO 'test ':报警次数已达上限
2017-07-28 19:05:04  INFO 4181.292799
2017-07-28 19:05:04  INFO 上报错误(test )
2017-07-28 19:05:04  INFO 'test ':报警次数已达上限
2017-07-28 19:05:06  INFO 4183.2924819
2017-07-28 19:05:06  INFO 上报错误(test )
2017-07-28 19:05:06  INFO 'test ':报警次数已达上限
2017-07-28 19:05:08  INFO 4185.29264903
2017-07-28 19:05:08  INFO 上报错误(test )
2017-07-28 19:05:08  INFO 'test ':报警次数已达上限
2017-07-28 19:05:10  INFO 4187.29288697
2017-07-28 19:05:10  INFO 上报错误(test )
2017-07-28 19:05:10  INFO 'test ':报警次数已达上限
2017-07-28 19:05:12  INFO 4189.29326606
2017-07-28 19:05:12  INFO 上报错误(test )
2017-07-28 19:05:12  INFO 'test ':报警次数已达上限
2017-07-28 19:05:14  INFO 4191.29266596
2017-07-28 19:05:14  INFO 上报错误(test )
2017-07-28 19:05:14  INFO 'test ':报警次数已达上限
2017-07-28 19:05:16  INFO 4193.29290199
2017-07-28 19:05:16  INFO 上报错误(test )
2017-07-28 19:05:16  INFO 'test ':报警次数已达上限
2017-07-28 19:05:18  INFO 4195.29247189
2017-07-28 19:05:18  INFO 上报错误(test )
2017-07-28 19:05:18  INFO 'test ':报警次数已达上限
2017-07-28 19:05:20  INFO 4197.29237509
2017-07-28 19:05:20  INFO 上报错误(test )
2017-07-28 19:05:20  INFO 'test ':报警次数已达上限
2017-07-28 19:05:22  INFO 4199.29240799
2017-07-28 19:05:22  INFO 上报错误(test )
2017-07-28 19:05:22  INFO 'test ':报警次数已达上限
2017-07-28 19:05:24  INFO 4201.29289293
2017-07-28 19:05:24  INFO 上报错误(test )
2017-07-28 19:05:24  INFO 'test ':报警次数已达上限
2017-07-28 19:05:26  INFO 4203.29210711
2017-07-28 19:05:26  INFO 上报错误(test )
2017-07-28 19:05:26  INFO 'test ':报警次数已达上限
2017-07-28 19:05:28  INFO 4205.2970171
2017-07-28 19:05:28  INFO 上报错误(test )
2017-07-28 19:05:28  INFO 'test ':报警次数已达上限
2017-07-28 19:05:30  INFO 4207.29199505
2017-07-28 19:05:30  INFO 上报错误(test )
2017-07-28 19:05:30  INFO 'test ':报警次数已达上限
2017-07-28 19:05:32  INFO 4209.29276705
2017-07-28 19:05:32  INFO 上报错误(test )
2017-07-28 19:05:32  INFO 'test ':报警次数已达上限
2017-07-28 19:05:34  INFO 4211.29265308
2017-07-28 19:05:34  INFO 上报错误(test )
2017-07-28 19:05:34  INFO 'test ':报警次数已达上限
2017-07-28 19:05:36  INFO 4213.29289794
2017-07-28 19:05:36  INFO 上报错误(test )
2017-07-28 19:05:36  INFO 'test ':报警次数已达上限
2017-07-28 19:05:38  INFO 4215.29829907
2017-07-28 19:05:38  INFO 上报错误(test )
2017-07-28 19:05:38  INFO 'test ':报警次数已达上限
2017-07-28 19:05:40  INFO 4217.29305506
2017-07-28 19:05:40  INFO 上报错误(test )
2017-07-28 19:05:40  INFO 'test ':报警次数已达上限
2017-07-28 19:05:42  INFO 4219.29473591
2017-07-28 19:05:42  INFO 上报错误(test )
2017-07-28 19:05:42  INFO 'test ':报警次数已达上限
2017-07-28 19:05:44  INFO 4221.29729009
2017-07-28 19:05:44  INFO 上报错误(test )
2017-07-28 19:05:44  INFO 'test ':报警次数已达上限
2017-07-28 19:05:46  INFO 4223.29522109
2017-07-28 19:05:46  INFO 上报错误(test )
2017-07-28 19:05:46  INFO 'test ':报警次数已达上限
2017-07-28 19:05:48  INFO 4225.29347706
2017-07-28 19:05:48  INFO 上报错误(test )
2017-07-28 19:05:48  INFO 'test ':报警次数已达上限
2017-07-28 19:05:50  INFO 4227.29266095
2017-07-28 19:05:50  INFO 上报错误(test )
2017-07-28 19:05:50  INFO 'test ':报警次数已达上限
2017-07-28 19:05:52  INFO 4229.29264402
2017-07-28 19:05:52  INFO 上报错误(test )
2017-07-28 19:05:52  INFO 'test ':报警次数已达上限
2017-07-28 19:05:54  INFO 4231.29285789
2017-07-28 19:05:54  INFO 上报错误(test )
2017-07-28 19:05:54  INFO 'test ':报警次数已达上限
2017-07-28 19:05:56  INFO 4233.29313111
2017-07-28 19:05:56  INFO 上报错误(test )
2017-07-28 19:05:56  INFO 'test ':报警次数已达上限
2017-07-28 19:05:58  INFO 4235.30042911
2017-07-28 19:05:58  INFO 上报错误(test )
2017-07-28 19:05:58  INFO 'test ':报警次数已达上限
2017-07-28 19:06:00  INFO 4237.29317594
2017-07-28 19:06:00  INFO 上报错误(test )
2017-07-28 19:06:00  INFO 'test ':报警次数已达上限
2017-07-28 19:06:02  INFO 4239.29482603
2017-07-28 19:06:02  INFO 上报错误(test )
2017-07-28 19:06:02  INFO 'test ':报警次数已达上限
2017-07-28 19:06:04  INFO 4241.29231095
2017-07-28 19:06:04  INFO 上报错误(test )
2017-07-28 19:06:04  INFO 'test ':报警次数已达上限
2017-07-28 19:06:06  INFO 4243.29276109
2017-07-28 19:06:06  INFO 上报错误(test )
2017-07-28 19:06:06  INFO 'test ':报警次数已达上限
2017-07-28 19:06:08  INFO 4245.29415011
2017-07-28 19:06:08  INFO 上报错误(test )
2017-07-28 19:06:08  INFO 'test ':报警次数已达上限
2017-07-28 19:06:10  INFO 4247.34785008
2017-07-28 19:06:10  INFO 上报错误(test )
2017-07-28 19:06:10  INFO 'test ':报警次数已达上限
2017-07-28 19:06:12  INFO 4249.29877806
2017-07-28 19:06:12  INFO 上报错误(test )
2017-07-28 19:06:12  INFO 'test ':报警次数已达上限
2017-07-28 19:06:14  INFO 4251.29294991
2017-07-28 19:06:14  INFO 上报错误(test )
2017-07-28 19:06:14  INFO 'test ':报警次数已达上限
2017-07-28 19:06:16  INFO 4253.29379702
2017-07-28 19:06:16  INFO 上报错误(test )
2017-07-28 19:06:16  INFO 'test ':报警次数已达上限
2017-07-28 19:06:18  INFO 4255.2955091
2017-07-28 19:06:18  INFO 上报错误(test )
2017-07-28 19:06:18  INFO 'test ':报警次数已达上限
2017-07-28 19:06:20  INFO 4257.29414392
2017-07-28 19:06:20  INFO 上报错误(test )
2017-07-28 19:06:20  INFO 'test ':报警次数已达上限
2017-07-28 19:06:22  INFO 4259.29492497
2017-07-28 19:06:22  INFO 上报错误(test )
2017-07-28 19:06:22  INFO 'test ':报警次数已达上限
2017-07-28 19:06:24  INFO 4261.29464889
2017-07-28 19:06:24  INFO 上报错误(test )
2017-07-28 19:06:24  INFO 'test ':报警次数已达上限
2017-07-28 19:06:26  INFO 4263.29243302
2017-07-28 19:06:26  INFO 上报错误(test )
2017-07-28 19:06:26  INFO 'test ':报警次数已达上限
2017-07-28 19:06:28  INFO 4265.29254889
2017-07-28 19:06:28  INFO 上报错误(test )
2017-07-28 19:06:28  INFO 'test ':报警次数已达上限
2017-07-28 19:06:30  INFO 4267.29282999
2017-07-28 19:06:30  INFO 上报错误(test )
2017-07-28 19:06:30  INFO 'test ':报警次数已达上限
2017-07-28 19:06:32  INFO 4269.29320192
2017-07-28 19:06:32  INFO 上报错误(test )
2017-07-28 19:06:32  INFO 'test ':报警次数已达上限
2017-07-28 19:06:34  INFO 4271.29380703
2017-07-28 19:06:34  INFO 上报错误(test )
2017-07-28 19:06:34  INFO 'test ':报警次数已达上限
2017-07-28 19:06:36  INFO 4273.292588
2017-07-28 19:06:36  INFO 上报错误(test )
2017-07-28 19:06:36  INFO 'test ':报警次数已达上限
2017-07-28 19:06:38  INFO 4275.29308295
2017-07-28 19:06:38  INFO 上报错误(test )
2017-07-28 19:06:38  INFO 'test ':报警次数已达上限
2017-07-28 19:06:40  INFO 4277.29295897
2017-07-28 19:06:40  INFO 上报错误(test )
2017-07-28 19:06:40  INFO 'test ':报警次数已达上限
2017-07-28 19:06:42  INFO 4279.2932899
2017-07-28 19:06:42  INFO 上报错误(test )
2017-07-28 19:06:42  INFO 'test ':报警次数已达上限
2017-07-28 19:06:44  INFO 4281.29324794
2017-07-28 19:06:44  INFO 上报错误(test )
2017-07-28 19:06:44  INFO 'test ':报警次数已达上限
2017-07-28 19:06:46  INFO 4283.29356408
2017-07-28 19:06:46  INFO 上报错误(test )
2017-07-28 19:06:46  INFO 'test ':报警次数已达上限
2017-07-28 19:06:48  INFO 4285.29278898
2017-07-28 19:06:48  INFO 上报错误(test )
2017-07-28 19:06:48  INFO 'test ':报警次数已达上限
2017-07-28 19:06:50  INFO 4287.29365802
2017-07-28 19:06:50  INFO 上报错误(test )
2017-07-28 19:06:50  INFO 'test ':报警次数已达上限
2017-07-28 19:06:52  INFO 4289.29643798
2017-07-28 19:06:52  INFO 上报错误(test )
2017-07-28 19:06:52  INFO 'test ':报警次数已达上限
2017-07-28 19:06:54  INFO 4291.29311395
2017-07-28 19:06:54  INFO 上报错误(test )
2017-07-28 19:06:54  INFO 'test ':报警次数已达上限
2017-07-28 19:06:56  INFO 4293.29220009
2017-07-28 19:06:56  INFO 上报错误(test )
2017-07-28 19:06:56  INFO 'test ':报警次数已达上限
2017-07-28 19:06:58  INFO 4295.29273891
2017-07-28 19:06:58  INFO 上报错误(test )
2017-07-28 19:06:58  INFO 'test ':报警次数已达上限
2017-07-28 19:07:00  INFO 4297.3577311
2017-07-28 19:07:00  INFO 上报错误(test )
2017-07-28 19:07:00  INFO 'test ':报警次数已达上限
2017-07-28 19:07:02  INFO 4299.29225612
2017-07-28 19:07:02  INFO 上报错误(test )
2017-07-28 19:07:02  INFO 'test ':报警次数已达上限
2017-07-28 19:07:04  INFO 4301.29226208
2017-07-28 19:07:04  INFO 上报错误(test )
2017-07-28 19:07:04  INFO 'test ':报警次数已达上限
2017-07-28 19:07:06  INFO 4303.29286003
2017-07-28 19:07:06  INFO 上报错误(test )
2017-07-28 19:07:06  INFO 'test ':报警次数已达上限
2017-07-28 19:07:08  INFO 4305.29440403
2017-07-28 19:07:08  INFO 上报错误(test )
2017-07-28 19:07:08  INFO 'test ':报警次数已达上限
2017-07-28 19:07:10  INFO 4307.2922039
2017-07-28 19:07:10  INFO 上报错误(test )
2017-07-28 19:07:10  INFO 'test ':报警次数已达上限
2017-07-28 19:07:12  INFO 4309.29379392
2017-07-28 19:07:12  INFO 上报错误(test )
2017-07-28 19:07:12  INFO 'test ':报警次数已达上限
2017-07-28 19:07:14  INFO 4311.29410505
2017-07-28 19:07:14  INFO 上报错误(test )
2017-07-28 19:07:14  INFO 'test ':报警次数已达上限
2017-07-28 19:07:16  INFO 4313.29255891
2017-07-28 19:07:16  INFO 上报错误(test )
2017-07-28 19:07:16  INFO 'test ':报警次数已达上限
2017-07-28 19:07:18  INFO 4315.29242802
2017-07-28 19:07:18  INFO 上报错误(test )
2017-07-28 19:07:18  INFO 'test ':报警次数已达上限
2017-07-28 19:07:20  INFO 4317.29950309
2017-07-28 19:07:20  INFO 上报错误(test )
2017-07-28 19:07:20  INFO 'test ':报警次数已达上限
2017-07-28 19:07:22  INFO 4319.29404807
2017-07-28 19:07:22  INFO 上报错误(test )
2017-07-28 19:07:22  INFO 'test ':报警次数已达上限
2017-07-28 19:07:24  INFO 4321.29345012
2017-07-28 19:07:24  INFO 上报错误(test )
2017-07-28 19:07:24  INFO 'test ':报警次数已达上限
2017-07-28 19:07:26  INFO 4323.29201889
2017-07-28 19:07:26  INFO 上报错误(test )
2017-07-28 19:07:26  INFO 'test ':报警次数已达上限
2017-07-28 19:07:28  INFO 4325.29219198
2017-07-28 19:07:28  INFO 上报错误(test )
2017-07-28 19:07:28  INFO 'test ':报警次数已达上限
2017-07-28 19:07:30  INFO 4327.29267597
2017-07-28 19:07:30  INFO 上报错误(test )
2017-07-28 19:07:30  INFO 'test ':报警次数已达上限
2017-07-28 19:07:32  INFO 4329.29350305
2017-07-28 19:07:32  INFO 上报错误(test )
2017-07-28 19:07:32  INFO 'test ':报警次数已达上限
2017-07-28 19:07:34  INFO 4331.29369211
2017-07-28 19:07:34  INFO 上报错误(test )
2017-07-28 19:07:34  INFO 'test ':报警次数已达上限
2017-07-28 19:07:36  INFO 4333.29222703
2017-07-28 19:07:36  INFO 上报错误(test )
2017-07-28 19:07:36  INFO 'test ':报警次数已达上限
2017-07-28 19:07:38  INFO 4335.29239392
2017-07-28 19:07:38  INFO 上报错误(test )
2017-07-28 19:07:38  INFO 'test ':报警次数已达上限
2017-07-28 19:07:40  INFO 4337.29474711
2017-07-28 19:07:40  INFO 上报错误(test )
2017-07-28 19:07:40  INFO 'test ':报警次数已达上限
2017-07-28 19:07:42  INFO 4339.2921629
2017-07-28 19:07:42  INFO 上报错误(test )
2017-07-28 19:07:42  INFO 'test ':报警次数已达上限
2017-07-28 19:07:44  INFO 4341.2930181
2017-07-28 19:07:44  INFO 上报错误(test )
2017-07-28 19:07:44  INFO 'test ':报警次数已达上限
2017-07-28 19:07:46  INFO 4343.292521
2017-07-28 19:07:46  INFO 上报错误(test )
2017-07-28 19:07:46  INFO 'test ':报警次数已达上限
2017-07-28 19:07:48  INFO 4345.29359388
2017-07-28 19:07:48  INFO 上报错误(test )
2017-07-28 19:07:48  INFO 'test ':报警次数已达上限
2017-07-28 19:07:50  INFO 4347.30807805
2017-07-28 19:07:50  INFO 上报错误(test )
2017-07-28 19:07:50  INFO 'test ':报警次数已达上限
2017-07-28 19:07:52  INFO 4349.29343796
2017-07-28 19:07:52  INFO 上报错误(test )
2017-07-28 19:07:52  INFO 'test ':报警次数已达上限
2017-07-28 19:07:54  INFO 4351.2923789
2017-07-28 19:07:54  INFO 上报错误(test )
2017-07-28 19:07:54  INFO 'test ':报警次数已达上限
2017-07-28 19:07:56  INFO 4353.29216599
2017-07-28 19:07:56  INFO 上报错误(test )
2017-07-28 19:07:56  INFO 'test ':报警次数已达上限
2017-07-28 19:07:58  INFO 4355.29286408
2017-07-28 19:07:58  INFO 上报错误(test )
2017-07-28 19:07:58  INFO 'test ':报警次数已达上限
2017-07-28 19:08:00  INFO 4357.29254508
2017-07-28 19:08:00  INFO 上报错误(test )
2017-07-28 19:08:00  INFO 'test ':报警次数已达上限
2017-07-28 19:08:02  INFO 4359.2930131
2017-07-28 19:08:02  INFO 上报错误(test )
2017-07-28 19:08:02  INFO 'test ':报警次数已达上限
2017-07-28 19:08:04  INFO 4361.29253602
2017-07-28 19:08:04  INFO 上报错误(test )
2017-07-28 19:08:04  INFO 'test ':报警次数已达上限
2017-07-28 19:08:06  INFO 4363.29282188
2017-07-28 19:08:06  INFO 上报错误(test )
2017-07-28 19:08:06  INFO 'test ':报警次数已达上限
2017-07-28 19:08:08  INFO 4365.29213095
2017-07-28 19:08:08  INFO 上报错误(test )
2017-07-28 19:08:08  INFO 'test ':报警次数已达上限
2017-07-28 19:08:10  INFO 4367.31666398
2017-07-28 19:08:10  INFO 上报错误(test )
2017-07-28 19:08:10  INFO 'test ':报警次数已达上限
2017-07-28 19:08:12  INFO 4369.29541993
2017-07-28 19:08:12  INFO 上报错误(test )
2017-07-28 19:08:12  INFO 'test ':报警次数已达上限
2017-07-28 19:08:14  INFO 4371.29322791
2017-07-28 19:08:14  INFO 上报错误(test )
2017-07-28 19:08:14  INFO 'test ':报警次数已达上限
2017-07-28 19:08:16  INFO 4373.2935679
2017-07-28 19:08:16  INFO 上报错误(test )
2017-07-28 19:08:16  INFO 'test ':报警次数已达上限
2017-07-28 19:08:18  INFO 4375.29222107
2017-07-28 19:08:18  INFO 上报错误(test )
2017-07-28 19:08:18  INFO 'test ':报警次数已达上限
2017-07-28 19:08:20  INFO 4377.29305196
2017-07-28 19:08:20  INFO 上报错误(test )
2017-07-28 19:08:20  INFO 'test ':报警次数已达上限
2017-07-28 19:08:22  INFO 4379.29306412
2017-07-28 19:08:22  INFO 上报错误(test )
2017-07-28 19:08:22  INFO 'test ':报警次数已达上限
2017-07-28 19:08:24  INFO 4381.29322004
2017-07-28 19:08:24  INFO 上报错误(test )
2017-07-28 19:08:24  INFO 'test ':报警次数已达上限
2017-07-28 19:08:26  INFO 4383.2924099
2017-07-28 19:08:26  INFO 上报错误(test )
2017-07-28 19:08:26  INFO 'test ':报警次数已达上限
2017-07-28 19:08:28  INFO 4385.29249907
2017-07-28 19:08:28  INFO 上报错误(test )
2017-07-28 19:08:28  INFO 'test ':报警次数已达上限
2017-07-28 19:08:30  INFO 4387.29282689
2017-07-28 19:08:30  INFO 上报错误(test )
2017-07-28 19:08:30  INFO 'test ':报警次数已达上限
2017-07-28 19:08:32  INFO 4389.29421592
2017-07-28 19:08:32  INFO 上报错误(test )
2017-07-28 19:08:32  INFO 'test ':报警次数已达上限
2017-07-28 19:08:34  INFO 4391.29208994
2017-07-28 19:08:34  INFO 上报错误(test )
2017-07-28 19:08:34  INFO 'test ':报警次数已达上限
2017-07-28 19:08:36  INFO 4393.29245496
2017-07-28 19:08:36  INFO 上报错误(test )
2017-07-28 19:08:36  INFO 'test ':报警次数已达上限
2017-07-28 19:08:38  INFO 4395.29410291
2017-07-28 19:08:38  INFO 上报错误(test )
2017-07-28 19:08:38  INFO 'test ':报警次数已达上限
2017-07-28 19:08:40  INFO 4397.29382205
2017-07-28 19:08:40  INFO 上报错误(test )
2017-07-28 19:08:40  INFO 'test ':报警次数已达上限
2017-07-28 19:08:42  INFO 4399.2943809
2017-07-28 19:08:42  INFO 上报错误(test )
2017-07-28 19:08:42  INFO 'test ':报警次数已达上限
2017-07-28 19:08:44  INFO 4401.29311991
2017-07-28 19:08:44  INFO 上报错误(test )
2017-07-28 19:08:44  INFO 'test ':报警次数已达上限
2017-07-28 19:08:46  INFO 4403.29584789
2017-07-28 19:08:46  INFO 上报错误(test )
2017-07-28 19:08:46  INFO 'test ':报警次数已达上限
2017-07-28 19:08:48  INFO 4405.29453301
2017-07-28 19:08:48  INFO 上报错误(test )
2017-07-28 19:08:48  INFO 'test ':报警次数已达上限
2017-07-28 19:08:50  INFO 4407.29381895
2017-07-28 19:08:50  INFO 上报错误(test )
2017-07-28 19:08:50  INFO 'test ':报警次数已达上限
2017-07-28 19:08:52  INFO 4409.29338598
2017-07-28 19:08:52  INFO 上报错误(test )
2017-07-28 19:08:52  INFO 'test ':报警次数已达上限
2017-07-28 19:08:54  INFO 4411.29219103
2017-07-28 19:08:54  INFO 上报错误(test )
2017-07-28 19:08:54  INFO 'test ':报警次数已达上限
2017-07-28 19:08:56  INFO 4413.29289889
2017-07-28 19:08:56  INFO 上报错误(test )
2017-07-28 19:08:56  INFO 'test ':报警次数已达上限
2017-07-28 19:08:58  INFO 4415.29413104
2017-07-28 19:08:58  INFO 上报错误(test )
2017-07-28 19:08:58  INFO 'test ':报警次数已达上限
2017-07-28 19:09:00  INFO 4417.293607
2017-07-28 19:09:00  INFO 上报错误(test )
2017-07-28 19:09:00  INFO 'test ':报警次数已达上限
2017-07-28 19:09:02  INFO 4419.29503393
2017-07-28 19:09:02  INFO 上报错误(test )
2017-07-28 19:09:02  INFO 'test ':报警次数已达上限
2017-07-28 19:09:04  INFO 4421.29213095
2017-07-28 19:09:04  INFO 上报错误(test )
2017-07-28 19:09:04  INFO 'test ':报警次数已达上限
2017-07-28 19:09:06  INFO 4423.29367089
2017-07-28 19:09:06  INFO 上报错误(test )
2017-07-28 19:09:06  INFO 'test ':报警次数已达上限
2017-07-28 19:09:08  INFO 4425.29326701
2017-07-28 19:09:08  INFO 上报错误(test )
2017-07-28 19:09:08  INFO 'test ':报警次数已达上限
2017-07-28 19:09:10  INFO 4427.2928791
2017-07-28 19:09:10  INFO 上报错误(test )
2017-07-28 19:09:10  INFO 'test ':报警次数已达上限
2017-07-28 19:09:12  INFO 4429.2923739
2017-07-28 19:09:12  INFO 上报错误(test )
2017-07-28 19:09:12  INFO 'test ':报警次数已达上限
2017-07-28 19:09:14  INFO 4431.292799
2017-07-28 19:09:14  INFO 上报错误(test )
2017-07-28 19:09:14  INFO 'test ':报警次数已达上限
2017-07-28 19:09:16  INFO 4433.29216504
2017-07-28 19:09:16  INFO 上报错误(test )
2017-07-28 19:09:16  INFO 'test ':报警次数已达上限
2017-07-28 19:09:18  INFO 4435.29276395
2017-07-28 19:09:18  INFO 上报错误(test )
2017-07-28 19:09:18  INFO 'test ':报警次数已达上限
2017-07-28 19:09:20  INFO 4437.29305506
2017-07-28 19:09:20  INFO 上报错误(test )
2017-07-28 19:09:20  INFO 'test ':报警次数已达上限
2017-07-28 19:09:22  INFO 4439.2924099
2017-07-28 19:09:22  INFO 上报错误(test )
2017-07-28 19:09:22  INFO 'test ':报警次数已达上限
2017-07-28 19:09:24  INFO 4441.29230499
2017-07-28 19:09:24  INFO 上报错误(test )
2017-07-28 19:09:24  INFO 'test ':报警次数已达上限
2017-07-28 19:09:26  INFO 4443.29225993
2017-07-28 19:09:26  INFO 上报错误(test )
2017-07-28 19:09:26  INFO 'test ':报警次数已达上限
2017-07-28 19:09:28  INFO 4445.29451299
2017-07-28 19:09:28  INFO 上报错误(test )
2017-07-28 19:09:28  INFO 'test ':报警次数已达上限
2017-07-28 19:09:30  INFO 4447.2920959
2017-07-28 19:09:30  INFO 上报错误(test )
2017-07-28 19:09:30  INFO 'test ':报警次数已达上限
2017-07-28 19:09:32  INFO 4449.29308701
2017-07-28 19:09:32  INFO 上报错误(test )
2017-07-28 19:09:32  INFO 'test ':报警次数已达上限
2017-07-28 19:09:34  INFO 4451.29219294
2017-07-28 19:09:34  INFO 上报错误(test )
2017-07-28 19:09:34  INFO 'test ':报警次数已达上限
2017-07-28 19:09:36  INFO 4453.29216909
2017-07-28 19:09:36  INFO 上报错误(test )
2017-07-28 19:09:36  INFO 'test ':报警次数已达上限
2017-07-28 19:09:38  INFO 4455.29479408
2017-07-28 19:09:38  INFO 上报错误(test )
2017-07-28 19:09:38  INFO 'test ':报警次数已达上限
2017-07-28 19:09:40  INFO 4457.29308105
2017-07-28 19:09:40  INFO 上报错误(test )
2017-07-28 19:09:40  INFO 'test ':报警次数已达上限
2017-07-28 19:09:42  INFO 4459.29257298
2017-07-28 19:09:42  INFO 上报错误(test )
2017-07-28 19:09:42  INFO 'test ':报警次数已达上限
2017-07-28 19:09:44  INFO 4461.29219294
2017-07-28 19:09:44  INFO 上报错误(test )
2017-07-28 19:09:44  INFO 'test ':报警次数已达上限
2017-07-28 19:09:46  INFO 4463.29300594
2017-07-28 19:09:46  INFO 上报错误(test )
2017-07-28 19:09:46  INFO 'test ':报警次数已达上限
2017-07-28 19:09:48  INFO 4465.2929759
2017-07-28 19:09:48  INFO 上报错误(test )
2017-07-28 19:09:48  INFO 'test ':报警次数已达上限
2017-07-28 19:09:50  INFO 4467.29362202
2017-07-28 19:09:50  INFO 上报错误(test )
2017-07-28 19:09:50  INFO 'test ':报警次数已达上限
2017-07-28 19:09:52  INFO 4469.29285693
2017-07-28 19:09:52  INFO 上报错误(test )
2017-07-28 19:09:52  INFO 'test ':报警次数已达上限
2017-07-28 19:09:54  INFO 4471.29254699
2017-07-28 19:09:54  INFO 上报错误(test )
2017-07-28 19:09:54  INFO 'test ':报警次数已达上限
2017-07-28 19:09:56  INFO 4473.29319406
2017-07-28 19:09:56  INFO 上报错误(test )
2017-07-28 19:09:56  INFO 'test ':报警次数已达上限
2017-07-28 19:09:58  INFO 4475.29286289
2017-07-28 19:09:58  INFO 上报错误(test )
2017-07-28 19:09:58  INFO 'test ':报警次数已达上限
2017-07-28 19:10:00  INFO 4477.29263091
2017-07-28 19:10:00  INFO 上报错误(test )
2017-07-28 19:10:00  INFO 'test ':报警次数已达上限
2017-07-28 19:10:02  INFO 4479.29217196
2017-07-28 19:10:02  INFO 上报错误(test )
2017-07-28 19:10:02  INFO 'test ':报警次数已达上限
2017-07-28 19:10:04  INFO 4481.29258204
2017-07-28 19:10:04  INFO 上报错误(test )
2017-07-28 19:10:04  INFO 'test ':报警次数已达上限
2017-07-28 19:10:06  INFO 4483.29440188
2017-07-28 19:10:06  INFO 上报错误(test )
2017-07-28 19:10:06  INFO 'test ':报警次数已达上限
2017-07-28 19:10:08  INFO 4485.29233909
2017-07-28 19:10:08  INFO 上报错误(test )
2017-07-28 19:10:08  INFO 'test ':报警次数已达上限
2017-07-28 19:10:10  INFO 4487.29267693
2017-07-28 19:10:10  INFO 上报错误(test )
2017-07-28 19:10:10  INFO 'test ':报警次数已达上限
2017-07-28 19:10:12  INFO 4489.29207802
2017-07-28 19:10:12  INFO 上报错误(test )
2017-07-28 19:10:12  INFO 'test ':报警次数已达上限
2017-07-28 19:10:14  INFO 4491.2918539
2017-07-28 19:10:14  INFO 上报错误(test )
2017-07-28 19:10:14  INFO 'test ':报警次数已达上限
2017-07-28 19:10:16  INFO 4493.29250097
2017-07-28 19:10:16  INFO 上报错误(test )
2017-07-28 19:10:16  INFO 'test ':报警次数已达上限
2017-07-28 19:10:18  INFO 4495.29277992
2017-07-28 19:10:18  INFO 上报错误(test )
2017-07-28 19:10:18  INFO 'test ':报警次数已达上限
2017-07-28 19:10:20  INFO 4497.29238009
2017-07-28 19:10:20  INFO 上报错误(test )
2017-07-28 19:10:20  INFO 'test ':报警次数已达上限
2017-07-28 19:10:22  INFO 4499.29231691
2017-07-28 19:10:22  INFO 上报错误(test )
2017-07-28 19:10:22  INFO 'test ':报警次数已达上限
2017-07-28 19:10:24  INFO 4501.29206204
2017-07-28 19:10:24  INFO 上报错误(test )
2017-07-28 19:10:24  INFO 'test ':报警次数已达上限
2017-07-28 19:10:26  INFO 4503.292418
2017-07-28 19:10:26  INFO 上报错误(test )
2017-07-28 19:10:26  INFO 'test ':报警次数已达上限
2017-07-28 19:10:28  INFO 4505.29291511
2017-07-28 19:10:28  INFO 上报错误(test )
2017-07-28 19:10:28  INFO 'test ':报警次数已达上限
2017-07-28 19:10:30  INFO 4507.29251409
2017-07-28 19:10:30  INFO 上报错误(test )
2017-07-28 19:10:30  INFO 'test ':报警次数已达上限
2017-07-28 19:10:32  INFO 4509.29238796
2017-07-28 19:10:32  INFO 上报错误(test )
2017-07-28 19:10:32  INFO 'test ':报警次数已达上限
2017-07-28 19:10:34  INFO 4511.29248095
2017-07-28 19:10:34  INFO 上报错误(test )
2017-07-28 19:10:34  INFO 'test ':报警次数已达上限
2017-07-28 19:10:36  INFO 4513.29270601
2017-07-28 19:10:36  INFO 上报错误(test )
2017-07-28 19:10:36  INFO 'test ':报警次数已达上限
2017-07-28 19:10:38  INFO 4515.2926321
2017-07-28 19:10:38  INFO 上报错误(test )
2017-07-28 19:10:38  INFO 'test ':报警次数已达上限
2017-07-28 19:10:40  INFO 4517.2922101
2017-07-28 19:10:40  INFO 上报错误(test )
2017-07-28 19:10:40  INFO 'test ':报警次数已达上限
2017-07-28 19:10:42  INFO 4519.29272008
2017-07-28 19:10:42  INFO 上报错误(test )
2017-07-28 19:10:42  INFO 'test ':报警次数已达上限
2017-07-28 19:10:44  INFO 4521.29315591
2017-07-28 19:10:44  INFO 上报错误(test )
2017-07-28 19:10:44  INFO 'test ':报警次数已达上限
2017-07-28 19:10:46  INFO 4523.29326797
2017-07-28 19:10:46  INFO 上报错误(test )
2017-07-28 19:10:46  INFO 'test ':报警次数已达上限
2017-07-28 19:10:48  INFO 4525.29748201
2017-07-28 19:10:48  INFO 上报错误(test )
2017-07-28 19:10:48  INFO 'test ':报警次数已达上限
2017-07-28 19:10:50  INFO 4527.29547191
2017-07-28 19:10:50  INFO 上报错误(test )
2017-07-28 19:10:50  INFO 'test ':报警次数已达上限
2017-07-28 19:10:52  INFO 4529.29489207
2017-07-28 19:10:52  INFO 上报错误(test )
2017-07-28 19:10:52  INFO 'test ':报警次数已达上限
2017-07-28 19:10:54  INFO 4531.31237102
2017-07-28 19:10:54  INFO 上报错误(test )
2017-07-28 19:10:54  INFO 'test ':报警次数已达上限
2017-07-28 19:10:56  INFO 4533.32384205
2017-07-28 19:10:56  INFO 上报错误(test )
2017-07-28 19:10:56  INFO 'test ':报警次数已达上限
2017-07-28 19:10:58  INFO 4535.29239202
2017-07-28 19:10:58  INFO 上报错误(test )
2017-07-28 19:10:58  INFO 'test ':报警次数已达上限
2017-07-28 19:11:00  INFO 4537.29233289
2017-07-28 19:11:00  INFO 上报错误(test )
2017-07-28 19:11:00  INFO 'test ':报警次数已达上限
2017-07-28 19:11:02  INFO 4539.3005929
2017-07-28 19:11:02  INFO 上报错误(test )
2017-07-28 19:11:02  INFO 'test ':报警次数已达上限
2017-07-28 19:11:04  INFO 4541.29401112
2017-07-28 19:11:04  INFO 上报错误(test )
2017-07-28 19:11:04  INFO 'test ':报警次数已达上限
2017-07-28 19:11:06  INFO 4543.29212499
2017-07-28 19:11:06  INFO 上报错误(test )
2017-07-28 19:11:06  INFO 'test ':报警次数已达上限
2017-07-28 19:11:08  INFO 4545.2923491
2017-07-28 19:11:08  INFO 上报错误(test )
2017-07-28 19:11:08  INFO 'test ':报警次数已达上限
2017-07-28 19:11:10  INFO 4547.29195404
2017-07-28 19:11:10  INFO 上报错误(test )
2017-07-28 19:11:10  INFO 'test ':报警次数已达上限
2017-07-28 19:11:12  INFO 4549.29235291
2017-07-28 19:11:12  INFO 上报错误(test )
2017-07-28 19:11:12  INFO 'test ':报警次数已达上限
2017-07-28 19:11:14  INFO 4551.29256392
2017-07-28 19:11:14  INFO 上报错误(test )
2017-07-28 19:11:14  INFO 'test ':报警次数已达上限
2017-07-28 19:11:16  INFO 4553.29211903
2017-07-28 19:11:16  INFO 上报错误(test )
2017-07-28 19:11:16  INFO 'test ':报警次数已达上限
2017-07-28 19:11:18  INFO 4555.29247499
2017-07-28 19:11:18  INFO 上报错误(test )
2017-07-28 19:11:18  INFO 'test ':报警次数已达上限
2017-07-28 19:11:20  INFO 4557.29252911
2017-07-28 19:11:20  INFO 上报错误(test )
2017-07-28 19:11:20  INFO 'test ':报警次数已达上限
2017-07-28 19:11:22  INFO 4559.29240489
2017-07-28 19:11:22  INFO 上报错误(test )
2017-07-28 19:11:22  INFO 'test ':报警次数已达上限
2017-07-28 19:11:24  INFO 4561.29279709
2017-07-28 19:11:24  INFO 上报错误(test )
2017-07-28 19:11:24  INFO 'test ':报警次数已达上限
2017-07-28 19:11:26  INFO 4563.29248691
2017-07-28 19:11:26  INFO 上报错误(test )
2017-07-28 19:11:26  INFO 'test ':报警次数已达上限
2017-07-28 19:11:28  INFO 4565.29256201
2017-07-28 19:11:28  INFO 上报错误(test )
2017-07-28 19:11:28  INFO 'test ':报警次数已达上限
2017-07-28 19:11:30  INFO 4567.29214811
2017-07-28 19:11:30  INFO 上报错误(test )
2017-07-28 19:11:30  INFO 'test ':报警次数已达上限
2017-07-28 19:11:32  INFO 4569.29284
2017-07-28 19:11:32  INFO 上报错误(test )
2017-07-28 19:11:32  INFO 'test ':报警次数已达上限
2017-07-28 19:11:34  INFO 4571.29266691
2017-07-28 19:11:34  INFO 上报错误(test )
2017-07-28 19:11:34  INFO 'test ':报警次数已达上限
2017-07-28 19:11:36  INFO 4573.2953639
2017-07-28 19:11:36  INFO 上报错误(test )
2017-07-28 19:11:36  INFO 'test ':报警次数已达上限
2017-07-28 19:11:38  INFO 4575.29224396
2017-07-28 19:11:38  INFO 上报错误(test )
2017-07-28 19:11:38  INFO 'test ':报警次数已达上限
2017-07-28 19:11:40  INFO 4577.29424691
2017-07-28 19:11:40  INFO 上报错误(test )
2017-07-28 19:11:40  INFO 'test ':报警次数已达上限
2017-07-28 19:11:42  INFO 4579.29257011
2017-07-28 19:11:42  INFO 上报错误(test )
2017-07-28 19:11:42  INFO 'test ':报警次数已达上限
2017-07-28 19:11:44  INFO 4581.29242897
2017-07-28 19:11:44  INFO 上报错误(test )
2017-07-28 19:11:44  INFO 'test ':报警次数已达上限
2017-07-28 19:11:46  INFO 4583.29198909
2017-07-28 19:11:46  INFO 上报错误(test )
2017-07-28 19:11:46  INFO 'test ':报警次数已达上限
2017-07-28 19:11:48  INFO 4585.29259109
2017-07-28 19:11:48  INFO 上报错误(test )
2017-07-28 19:11:48  INFO 'test ':报警次数已达上限
2017-07-28 19:11:50  INFO 4587.30077195
2017-07-28 19:11:50  INFO 上报错误(test )
2017-07-28 19:11:50  INFO 'test ':报警次数已达上限
2017-07-28 19:11:52  INFO 4589.29264307
2017-07-28 19:11:52  INFO 上报错误(test )
2017-07-28 19:11:52  INFO 'test ':报警次数已达上限
2017-07-28 19:11:54  INFO 4591.32822895
2017-07-28 19:11:54  INFO 上报错误(test )
2017-07-28 19:11:54  INFO 'test ':报警次数已达上限
2017-07-28 19:11:56  INFO 4593.292418
2017-07-28 19:11:56  INFO 上报错误(test )
2017-07-28 19:11:56  INFO 'test ':报警次数已达上限
2017-07-28 19:11:58  INFO 4595.2924459
2017-07-28 19:11:58  INFO 上报错误(test )
2017-07-28 19:11:58  INFO 'test ':报警次数已达上限
2017-07-28 19:12:00  INFO 4597.29340911
2017-07-28 19:12:00  INFO 上报错误(test )
2017-07-28 19:12:00  INFO 'test ':报警次数已达上限
2017-07-28 19:12:02  INFO 4599.29309511
2017-07-28 19:12:02  INFO 上报错误(test )
2017-07-28 19:12:02  INFO 'test ':报警次数已达上限
2017-07-28 19:12:04  INFO 4601.29239702
2017-07-28 19:12:04  INFO 上报错误(test )
2017-07-28 19:12:04  INFO 'test ':报警次数已达上限
2017-07-28 19:12:06  INFO 4603.29275894
2017-07-28 19:12:06  INFO 上报错误(test )
2017-07-28 19:12:06  INFO 'test ':报警次数已达上限
2017-07-28 19:12:08  INFO 4605.29226804
2017-07-28 19:12:08  INFO 上报错误(test )
2017-07-28 19:12:08  INFO 'test ':报警次数已达上限
2017-07-28 19:12:10  INFO 4607.29261708
2017-07-28 19:12:10  INFO 上报错误(test )
2017-07-28 19:12:10  INFO 'test ':报警次数已达上限
2017-07-28 19:12:12  INFO 4609.2924571
2017-07-28 19:12:12  INFO 上报错误(test )
2017-07-28 19:12:12  INFO 'test ':报警次数已达上限
2017-07-28 19:12:14  INFO 4611.29442501
2017-07-28 19:12:14  INFO 上报错误(test )
2017-07-28 19:12:14  INFO 'test ':报警次数已达上限
2017-07-28 19:12:16  INFO 4613.29333305
2017-07-28 19:12:16  INFO 上报错误(test )
2017-07-28 19:12:16  INFO 'test ':报警次数已达上限
2017-07-28 19:12:18  INFO 4615.29202104
2017-07-28 19:12:18  INFO 上报错误(test )
2017-07-28 19:12:18  INFO 'test ':报警次数已达上限
2017-07-28 19:12:20  INFO 4617.29217696
2017-07-28 19:12:20  INFO 上报错误(test )
2017-07-28 19:12:20  INFO 'test ':报警次数已达上限
2017-07-28 19:12:22  INFO 4619.29251194
2017-07-28 19:12:22  INFO 上报错误(test )
2017-07-28 19:12:22  INFO 'test ':报警次数已达上限
2017-07-28 19:12:24  INFO 4621.29241705
2017-07-28 19:12:24  INFO 上报错误(test )
2017-07-28 19:12:24  INFO 'test ':报警次数已达上限
2017-07-28 19:12:26  INFO 4623.29249191
2017-07-28 19:12:26  INFO 上报错误(test )
2017-07-28 19:12:26  INFO 'test ':报警次数已达上限
2017-07-28 19:12:28  INFO 4625.29201293
2017-07-28 19:12:28  INFO 上报错误(test )
2017-07-28 19:12:28  INFO 'test ':报警次数已达上限
2017-07-28 19:12:30  INFO 4627.2926631
2017-07-28 19:12:30  INFO 上报错误(test )
2017-07-28 19:12:30  INFO 'test ':报警次数已达上限
2017-07-28 19:12:32  INFO 4629.2920661
2017-07-28 19:12:32  INFO 上报错误(test )
2017-07-28 19:12:32  INFO 'test ':报警次数已达上限
2017-07-28 19:12:34  INFO 4631.29358792
2017-07-28 19:12:34  INFO 上报错误(test )
2017-07-28 19:12:34  INFO 'test ':报警次数已达上限
2017-07-28 19:12:36  INFO 4633.30618
2017-07-28 19:12:36  INFO 上报错误(test )
2017-07-28 19:12:36  INFO 'test ':报警次数已达上限
2017-07-28 19:12:38  INFO 4635.29211307
2017-07-28 19:12:38  INFO 上报错误(test )
2017-07-28 19:12:38  INFO 'test ':报警次数已达上限
2017-07-28 19:12:40  INFO 4637.295542
2017-07-28 19:12:40  INFO 上报错误(test )
2017-07-28 19:12:40  INFO 'test ':报警次数已达上限
2017-07-28 19:12:42  INFO 4639.29341102
2017-07-28 19:12:42  INFO 上报错误(test )
2017-07-28 19:12:42  INFO 'test ':报警次数已达上限
2017-07-28 19:12:44  INFO 4641.2932899
2017-07-28 19:12:44  INFO 上报错误(test )
2017-07-28 19:12:44  INFO 'test ':报警次数已达上限
2017-07-28 19:12:46  INFO 4643.29289293
2017-07-28 19:12:46  INFO 上报错误(test )
2017-07-28 19:12:46  INFO 'test ':报警次数已达上限
2017-07-28 19:12:48  INFO 4645.29327607
2017-07-28 19:12:48  INFO 上报错误(test )
2017-07-28 19:12:48  INFO 'test ':报警次数已达上限
2017-07-28 19:12:50  INFO 4647.29407501
2017-07-28 19:12:50  INFO 上报错误(test )
2017-07-28 19:12:50  INFO 'test ':报警次数已达上限
2017-07-28 19:12:52  INFO 4649.29532003
2017-07-28 19:12:52  INFO 上报错误(test )
2017-07-28 19:12:52  INFO 'test ':报警次数已达上限
2017-07-28 19:12:54  INFO 4651.29372811
2017-07-28 19:12:54  INFO 上报错误(test )
2017-07-28 19:12:54  INFO 'test ':报警次数已达上限
2017-07-28 19:12:56  INFO 4653.29699302
2017-07-28 19:12:56  INFO 上报错误(test )
2017-07-28 19:12:56  INFO 'test ':报警次数已达上限
2017-07-28 19:12:58  INFO 4655.29296803
2017-07-28 19:12:58  INFO 上报错误(test )
2017-07-28 19:12:58  INFO 'test ':报警次数已达上限
2017-07-28 19:13:00  INFO 4657.29354596
2017-07-28 19:13:00  INFO 上报错误(test )
2017-07-28 19:13:00  INFO 'test ':报警次数已达上限
2017-07-28 19:13:02  INFO 4659.29935002
2017-07-28 19:13:02  INFO 上报错误(test )
2017-07-28 19:13:02  INFO 'test ':报警次数已达上限
2017-07-28 19:13:04  INFO 4661.293679
2017-07-28 19:13:04  INFO 上报错误(test )
2017-07-28 19:13:04  INFO 'test ':报警次数已达上限
2017-07-28 19:13:06  INFO 4663.29229808
2017-07-28 19:13:06  INFO 上报错误(test )
2017-07-28 19:13:06  INFO 'test ':报警次数已达上限
2017-07-28 19:13:08  INFO 4665.29320788
2017-07-28 19:13:08  INFO 上报错误(test )
2017-07-28 19:13:08  INFO 'test ':报警次数已达上限
2017-07-28 19:13:10  INFO 4667.29282188
2017-07-28 19:13:10  INFO 上报错误(test )
2017-07-28 19:13:10  INFO 'test ':报警次数已达上限
2017-07-28 19:13:12  INFO 4669.30926394
2017-07-28 19:13:12  INFO 上报错误(test )
2017-07-28 19:13:12  INFO 'test ':报警次数已达上限
2017-07-28 19:13:14  INFO 4671.29283094
2017-07-28 19:13:14  INFO 上报错误(test )
2017-07-28 19:13:14  INFO 'test ':报警次数已达上限
2017-07-28 19:13:16  INFO 4673.29259801
2017-07-28 19:13:16  INFO 上报错误(test )
2017-07-28 19:13:16  INFO 'test ':报警次数已达上限
2017-07-28 19:13:18  INFO 4675.29245996
2017-07-28 19:13:18  INFO 上报错误(test )
2017-07-28 19:13:18  INFO 'test ':报警次数已达上限
2017-07-28 19:13:20  INFO 4677.29254699
2017-07-28 19:13:20  INFO 上报错误(test )
2017-07-28 19:13:20  INFO 'test ':报警次数已达上限
2017-07-28 19:13:22  INFO 4679.29274201
2017-07-28 19:13:22  INFO 上报错误(test )
2017-07-28 19:13:22  INFO 'test ':报警次数已达上限
2017-07-28 19:13:24  INFO 4681.29228592
2017-07-28 19:13:24  INFO 上报错误(test )
2017-07-28 19:13:24  INFO 'test ':报警次数已达上限
2017-07-28 19:13:26  INFO 4683.2928369
2017-07-28 19:13:26  INFO 上报错误(test )
2017-07-28 19:13:26  INFO 'test ':报警次数已达上限
2017-07-28 19:13:28  INFO 4685.29196191
2017-07-28 19:13:28  INFO 上报错误(test )
2017-07-28 19:13:28  INFO 'test ':报警次数已达上限
2017-07-28 19:13:30  INFO 4687.29281807
2017-07-28 19:13:30  INFO 上报错误(test )
2017-07-28 19:13:30  INFO 'test ':报警次数已达上限
2017-07-28 19:13:32  INFO 4689.29300594
2017-07-28 19:13:32  INFO 上报错误(test )
2017-07-28 19:13:32  INFO 'test ':报警次数已达上限
2017-07-28 19:13:34  INFO 4691.29302502
2017-07-28 19:13:34  INFO 上报错误(test )
2017-07-28 19:13:34  INFO 'test ':报警次数已达上限
2017-07-28 19:13:36  INFO 4693.29298711
2017-07-28 19:13:36  INFO 上报错误(test )
2017-07-28 19:13:36  INFO 'test ':报警次数已达上限
2017-07-28 19:13:38  INFO 4695.29654288
2017-07-28 19:13:38  INFO 上报错误(test )
2017-07-28 19:13:38  INFO 'test ':报警次数已达上限
2017-07-28 19:13:40  INFO 4697.29241896
2017-07-28 19:13:40  INFO 上报错误(test )
2017-07-28 19:13:40  INFO 'test ':报警次数已达上限
2017-07-28 19:13:42  INFO 4699.29261088
2017-07-28 19:13:42  INFO 上报错误(test )
2017-07-28 19:13:42  INFO 'test ':报警次数已达上限
2017-07-28 19:13:44  INFO 4701.29231191
2017-07-28 19:13:44  INFO 上报错误(test )
2017-07-28 19:13:44  INFO 'test ':报警次数已达上限
2017-07-28 19:13:46  INFO 4703.29237604
2017-07-28 19:13:46  INFO 上报错误(test )
2017-07-28 19:13:46  INFO 'test ':报警次数已达上限
2017-07-28 19:13:48  INFO 4705.29276991
2017-07-28 19:13:48  INFO 上报错误(test )
2017-07-28 19:13:48  INFO 'test ':报警次数已达上限
2017-07-28 19:13:50  INFO 4707.29327893
2017-07-28 19:13:50  INFO 上报错误(test )
2017-07-28 19:13:50  INFO 'test ':报警次数已达上限
2017-07-28 19:13:52  INFO 4709.29285192
2017-07-28 19:13:52  INFO 上报错误(test )
2017-07-28 19:13:52  INFO 'test ':报警次数已达上限
2017-07-28 19:13:54  INFO 4711.2928369
2017-07-28 19:13:54  INFO 上报错误(test )
2017-07-28 19:13:54  INFO 'test ':报警次数已达上限
2017-07-28 19:13:56  INFO 4713.29207706
2017-07-28 19:13:56  INFO 上报错误(test )
2017-07-28 19:13:56  INFO 'test ':报警次数已达上限
2017-07-28 19:13:58  INFO 4715.29200792
2017-07-28 19:13:58  INFO 上报错误(test )
2017-07-28 19:13:58  INFO 'test ':报警次数已达上限
